2019-01-08 10:42:21 [scrapy.utils.log] INFO: Scrapy 1.5.1 started (bot: bleeping_computer)
2019-01-08 10:42:21 [scrapy.utils.log] INFO: Versions: lxml 4.2.4.0, libxml2 2.9.8, cssselect 1.0.3, parsel 1.5.0, w3lib 1.19.0, Twisted 18.7.0, Python 2.7.12 (default, Dec  4 2017, 14:50:18) - [GCC 5.4.0 20160609], pyOpenSSL 18.0.0 (OpenSSL 1.1.0i  14 Aug 2018), cryptography 2.3.1, Platform Linux-4.15.0-1023-azure-x86_64-with-Ubuntu-16.04-xenial
2019-01-08 10:42:21 [scrapy.crawler] INFO: Overridden settings: {'NEWSPIDER_MODULE': 'bleeping_computer.spiders', 'ROBOTSTXT_OBEY': True, 'CONCURRENT_REQUESTS_PER_DOMAIN': 1, 'CONCURRENT_REQUESTS': 1, 'SPIDER_MODULES': ['bleeping_computer.spiders'], 'CONCURRENT_REQUESTS_PER_IP': 1, 'BOT_NAME': 'bleeping_computer', 'USER_AGENT': 'Mozilla/5.0 (X11; Linux x86_64) AppleWebKit/537.36 (KHTML, like Gecko) Chrome/65.0.3325.181 Safari/537.36', 'LOG_FILE': 'blleping_log.log'}
2019-01-08 10:42:21 [scrapy.middleware] INFO: Enabled extensions:
['scrapy.extensions.memusage.MemoryUsage',
 'scrapy.extensions.logstats.LogStats',
 'scrapy.extensions.telnet.TelnetConsole',
 'scrapy.extensions.corestats.CoreStats']
2019-01-08 10:42:21 [scrapy.middleware] INFO: Enabled downloader middlewares:
['scrapy.downloadermiddlewares.robotstxt.RobotsTxtMiddleware',
 'scrapy.downloadermiddlewares.httpauth.HttpAuthMiddleware',
 'scrapy.downloadermiddlewares.downloadtimeout.DownloadTimeoutMiddleware',
 'scrapy.downloadermiddlewares.defaultheaders.DefaultHeadersMiddleware',
 'scrapy.downloadermiddlewares.useragent.UserAgentMiddleware',
 'scrapy.downloadermiddlewares.retry.RetryMiddleware',
 'scrapy.downloadermiddlewares.redirect.MetaRefreshMiddleware',
 'scrapy.downloadermiddlewares.httpcompression.HttpCompressionMiddleware',
 'scrapy.downloadermiddlewares.redirect.RedirectMiddleware',
 'scrapy.downloadermiddlewares.cookies.CookiesMiddleware',
 'scrapy.downloadermiddlewares.httpproxy.HttpProxyMiddleware',
 'scrapy.downloadermiddlewares.stats.DownloaderStats']
2019-01-08 10:42:21 [scrapy.middleware] INFO: Enabled spider middlewares:
['scrapy.spidermiddlewares.httperror.HttpErrorMiddleware',
 'scrapy.spidermiddlewares.offsite.OffsiteMiddleware',
 'scrapy.spidermiddlewares.referer.RefererMiddleware',
 'scrapy.spidermiddlewares.urllength.UrlLengthMiddleware',
 'scrapy.spidermiddlewares.depth.DepthMiddleware']
2019-01-08 10:42:21 [scrapy.middleware] INFO: Enabled item pipelines:
[]
2019-01-08 10:42:21 [scrapy.core.engine] INFO: Spider opened
2019-01-08 10:42:21 [scrapy.extensions.logstats] INFO: Crawled 0 pages (at 0 pages/min), scraped 0 items (at 0 items/min)
2019-01-08 10:42:21 [scrapy.extensions.telnet] DEBUG: Telnet console listening on 127.0.0.1:6023
2019-01-08 10:42:21 [scrapy.core.engine] DEBUG: Crawled (200) <GET https://www.bleepingcomputer.com/robots.txt> (referer: None)
2019-01-08 10:42:22 [scrapy.downloadermiddlewares.redirect] DEBUG: Redirecting (302) to <GET https://www.bleepingcomputer.com/forums/index.php> from <POST https://www.bleepingcomputer.com/forums/index.php?app=core&module=global&section=login&do=process>
2019-01-08 10:42:22 [scrapy.core.engine] DEBUG: Crawled (200) <GET https://www.bleepingcomputer.com/forums/index.php> (referer: None)
2019-01-08 10:42:23 [scrapy.core.engine] DEBUG: Crawled (200) <GET https://www.bleepingcomputer.com/forums/t/674125/fresh-download-of-spice-simulator-has-stopped-working/> (referer: https://www.bleepingcomputer.com/forums/index.php)
2019-01-08 10:42:23 [scrapy.core.engine] DEBUG: Crawled (200) <GET https://www.bleepingcomputer.com/forums/t/589300/dvd-drive-renamed-to-d-the-actual-drive-is-disabled/> (referer: https://www.bleepingcomputer.com/forums/index.php)
2019-01-08 10:42:24 [scrapy.core.engine] DEBUG: Crawled (200) <GET https://www.bleepingcomputer.com/forums/t/669925/crash-city/> (referer: https://www.bleepingcomputer.com/forums/index.php)
2019-01-08 10:42:24 [scrapy.core.engine] DEBUG: Crawled (200) <GET https://www.bleepingcomputer.com/forums/t/662403/bsod-thread-stuck-in-device-driver/> (referer: https://www.bleepingcomputer.com/forums/index.php)
2019-01-08 10:42:24 [scrapy.core.engine] DEBUG: Crawled (200) <GET https://www.bleepingcomputer.com/forums/t/509905/finding-childs-device/> (referer: https://www.bleepingcomputer.com/forums/index.php)
2019-01-08 10:42:25 [scrapy.core.engine] DEBUG: Crawled (200) <GET https://www.bleepingcomputer.com/forums/t/645293/bsod-on-2012-server/> (referer: https://www.bleepingcomputer.com/forums/index.php)
2019-01-08 10:42:26 [scrapy.core.engine] DEBUG: Crawled (200) <GET https://www.bleepingcomputer.com/forums/t/639392/please-help-bsod-critical-structure-corruption-windows-10/> (referer: https://www.bleepingcomputer.com/forums/index.php)
2019-01-08 10:42:27 [scrapy.core.engine] DEBUG: Crawled (200) <GET https://www.bleepingcomputer.com/forums/t/383411/help-my-computer-wont-stop-updating/> (referer: https://www.bleepingcomputer.com/forums/index.php)
2019-01-08 10:42:27 [scrapy.core.engine] DEBUG: Crawled (200) <GET https://www.bleepingcomputer.com/forums/t/597290/repeated-bsod-crashes/> (referer: https://www.bleepingcomputer.com/forums/index.php)
2019-01-08 10:42:27 [scrapy.core.engine] DEBUG: Crawled (200) <GET https://www.bleepingcomputer.com/forums/t/580196/bugcheck-code-0x9c/> (referer: https://www.bleepingcomputer.com/forums/index.php)
2019-01-08 10:42:28 [scrapy.core.engine] DEBUG: Crawled (200) <GET https://www.bleepingcomputer.com/forums/t/688816/wireless-wired-mice-moving-on-their-own/> (referer: https://www.bleepingcomputer.com/forums/index.php)
2019-01-08 10:42:28 [scrapy.core.engine] DEBUG: Crawled (200) <GET https://www.bleepingcomputer.com/forums/t/281960/high-cpu-when-downloading-or-streaming/> (referer: https://www.bleepingcomputer.com/forums/index.php)
2019-01-08 10:42:29 [scrapy.core.engine] DEBUG: Crawled (200) <GET https://www.bleepingcomputer.com/forums/t/655241/reverting-back-from-windows-10-to-windows-7/> (referer: https://www.bleepingcomputer.com/forums/index.php)
2019-01-08 10:42:29 [scrapy.core.engine] DEBUG: Crawled (200) <GET https://www.bleepingcomputer.com/forums/t/259039/keeping-original-programs-when-upgrading-os/> (referer: https://www.bleepingcomputer.com/forums/index.php)
2019-01-08 10:42:29 [scrapy.core.scraper] ERROR: Spider error processing <GET https://www.bleepingcomputer.com/forums/t/259039/keeping-original-programs-when-upgrading-os/> (referer: https://www.bleepingcomputer.com/forums/index.php)
Traceback (most recent call last):
  File "/usr/local/lib/python2.7/dist-packages/scrapy/utils/defer.py", line 102, in iter_errback
    yield next(it)
  File "/usr/local/lib/python2.7/dist-packages/scrapy/spidermiddlewares/offsite.py", line 30, in process_spider_output
    for x in result:
  File "/usr/local/lib/python2.7/dist-packages/scrapy/spidermiddlewares/referer.py", line 339, in <genexpr>
    return (_set_referer(r) for r in result or ())
  File "/usr/local/lib/python2.7/dist-packages/scrapy/spidermiddlewares/urllength.py", line 37, in <genexpr>
    return (r for r in result or () if _filter(r))
  File "/usr/local/lib/python2.7/dist-packages/scrapy/spidermiddlewares/depth.py", line 58, in <genexpr>
    return (r for r in result or () if _filter(r))
  File "/home/epictions/TLS/subproject_posts/Phase_01/bleeping_computer/bleeping_computer/bleeping_computer/spiders/bleeping_threads.py", line 165, in parse_threads
    acd = int(dt_1)
ValueError: invalid literal for int() with base 10: ''
2019-01-08 10:42:29 [scrapy.core.engine] DEBUG: Crawled (200) <GET https://www.bleepingcomputer.com/forums/t/138779/ntvdmexe-has-stopped-working/> (referer: https://www.bleepingcomputer.com/forums/index.php)
2019-01-08 10:42:30 [scrapy.core.engine] DEBUG: Crawled (200) <GET https://www.bleepingcomputer.com/forums/t/244855/cant-see-my-files-in-a-folder/> (referer: https://www.bleepingcomputer.com/forums/index.php)
2019-01-08 10:42:30 [scrapy.core.engine] DEBUG: Crawled (200) <GET https://www.bleepingcomputer.com/forums/t/628450/windows-update-in-safe-mode-with-networking/> (referer: https://www.bleepingcomputer.com/forums/index.php)
2019-01-08 10:42:30 [scrapy.core.engine] DEBUG: Crawled (200) <GET https://www.bleepingcomputer.com/forums/t/618667/nvidia-geforce-7025-always-fails-to-install/> (referer: https://www.bleepingcomputer.com/forums/index.php)
2019-01-08 10:42:31 [scrapy.core.engine] DEBUG: Crawled (200) <GET https://www.bleepingcomputer.com/forums/t/207521/servicesexe-trying-to-be-a-server/> (referer: https://www.bleepingcomputer.com/forums/index.php)
2019-01-08 10:42:31 [scrapy.core.engine] DEBUG: Crawled (200) <GET https://www.bleepingcomputer.com/forums/t/605786/following-windows-update-computer-will-only-boot-every-20th-or-25th-try/> (referer: https://www.bleepingcomputer.com/forums/index.php)
2019-01-08 10:42:32 [scrapy.core.engine] DEBUG: Crawled (200) <GET https://www.bleepingcomputer.com/forums/t/598290/problems/> (referer: https://www.bleepingcomputer.com/forums/index.php)
2019-01-08 10:42:32 [scrapy.core.engine] DEBUG: Crawled (200) <GET https://www.bleepingcomputer.com/forums/t/166072/chek-disk-freezes-at-69/> (referer: https://www.bleepingcomputer.com/forums/index.php)
2019-01-08 10:42:34 [scrapy.core.engine] DEBUG: Crawled (200) <GET https://www.bleepingcomputer.com/forums/t/574014/win7-raid/> (referer: https://www.bleepingcomputer.com/forums/index.php)
2019-01-08 10:42:34 [scrapy.core.engine] DEBUG: Crawled (200) <GET https://www.bleepingcomputer.com/forums/t/111575/multiple-errors-on-x64-vista-ultimate/> (referer: https://www.bleepingcomputer.com/forums/index.php)
2019-01-08 10:42:35 [scrapy.core.engine] DEBUG: Crawled (200) <GET https://www.bleepingcomputer.com/forums/t/565871/drivers-for-win-7-pro/> (referer: https://www.bleepingcomputer.com/forums/index.php)
2019-01-08 10:42:35 [scrapy.core.engine] DEBUG: Crawled (200) <GET https://www.bleepingcomputer.com/forums/t/559047/startup-freezesfailed-hibernation/> (referer: https://www.bleepingcomputer.com/forums/index.php)
2019-01-08 10:42:35 [scrapy.core.engine] DEBUG: Crawled (200) <GET https://www.bleepingcomputer.com/forums/t/557447/uninstall-question/> (referer: https://www.bleepingcomputer.com/forums/index.php)
2019-01-08 10:42:36 [scrapy.core.engine] DEBUG: Crawled (200) <GET https://www.bleepingcomputer.com/forums/t/553298/sata-drivers/> (referer: https://www.bleepingcomputer.com/forums/index.php)
2019-01-08 10:42:36 [scrapy.core.engine] DEBUG: Crawled (200) <GET https://www.bleepingcomputer.com/forums/t/636003/activating-windows-81-enterprise-an-impossible-task-or-am-i-doing-it-wrong/> (referer: https://www.bleepingcomputer.com/forums/index.php)
2019-01-08 10:42:36 [scrapy.core.engine] DEBUG: Crawled (200) <GET https://www.bleepingcomputer.com/forums/t/618400/100-disk-usage-slow-laptop/> (referer: https://www.bleepingcomputer.com/forums/index.php)
2019-01-08 10:42:37 [scrapy.core.engine] DEBUG: Crawled (200) <GET https://www.bleepingcomputer.com/forums/t/543846/i-ruined-my-hp-notebook-win-7-need-help/> (referer: https://www.bleepingcomputer.com/forums/index.php)
2019-01-08 10:42:37 [scrapy.core.engine] DEBUG: Crawled (200) <GET https://www.bleepingcomputer.com/forums/t/539325/windows-7-wsd-violation-0x5-bsod/> (referer: https://www.bleepingcomputer.com/forums/index.php)
2019-01-08 10:42:38 [scrapy.core.engine] DEBUG: Crawled (200) <GET https://www.bleepingcomputer.com/forums/t/535526/bsod-when-desktop-was-left-on/> (referer: https://www.bleepingcomputer.com/forums/index.php)
2019-01-08 10:42:38 [scrapy.core.engine] DEBUG: Crawled (200) <GET https://www.bleepingcomputer.com/forums/t/572546/windows-8-other-user-at-login-drives-me-nuts/> (referer: https://www.bleepingcomputer.com/forums/index.php)
2019-01-08 10:42:38 [scrapy.core.engine] DEBUG: Crawled (200) <GET https://www.bleepingcomputer.com/forums/t/566955/windows-8-slow-after-doing-a-factory-reset/> (referer: https://www.bleepingcomputer.com/forums/index.php)
2019-01-08 10:42:39 [scrapy.core.engine] DEBUG: Crawled (200) <GET https://www.bleepingcomputer.com/forums/t/526010/windows-has-recovered/> (referer: https://www.bleepingcomputer.com/forums/index.php)
2019-01-08 10:42:39 [scrapy.core.engine] DEBUG: Crawled (200) <GET https://www.bleepingcomputer.com/forums/t/521853/sfc-scannow-found-corrupt-files-cant-fix-all-of-them/> (referer: https://www.bleepingcomputer.com/forums/index.php)
2019-01-08 10:42:39 [scrapy.core.engine] DEBUG: Crawled (200) <GET https://www.bleepingcomputer.com/forums/t/516616/0xc00000e9-error/> (referer: https://www.bleepingcomputer.com/forums/index.php)
2019-01-08 10:42:40 [scrapy.core.engine] DEBUG: Crawled (200) <GET https://www.bleepingcomputer.com/forums/t/538647/windows-explorer-not-working/> (referer: https://www.bleepingcomputer.com/forums/index.php)
2019-01-08 10:42:40 [scrapy.core.engine] DEBUG: Crawled (200) <GET https://www.bleepingcomputer.com/forums/t/533192/cannot-use-any-msi-files/> (referer: https://www.bleepingcomputer.com/forums/index.php)
2019-01-08 10:42:40 [scrapy.core.engine] DEBUG: Crawled (200) <GET https://www.bleepingcomputer.com/forums/t/526232/win8-win7hp-win7ult-homegroup-peculiarity/> (referer: https://www.bleepingcomputer.com/forums/index.php)
2019-01-08 10:42:41 [scrapy.core.engine] DEBUG: Crawled (200) <GET https://www.bleepingcomputer.com/forums/t/522674/starting-non-booting-windows-8-from-cold-boot/> (referer: https://www.bleepingcomputer.com/forums/index.php)
2019-01-08 10:42:41 [scrapy.core.engine] DEBUG: Crawled (200) <GET https://www.bleepingcomputer.com/forums/t/502477/specific-issues-help-me-please/> (referer: https://www.bleepingcomputer.com/forums/index.php)
2019-01-08 10:42:42 [scrapy.core.engine] DEBUG: Crawled (200) <GET https://www.bleepingcomputer.com/forums/t/488388/how-to-change-the-background-on-the-start-screen-useing-pics-of-your-owen/> (referer: https://www.bleepingcomputer.com/forums/index.php)
2019-01-08 10:42:42 [scrapy.core.engine] DEBUG: Crawled (200) <GET https://www.bleepingcomputer.com/forums/t/448113/the-metro-haters-guide-to-customizing-windows-8-consumer-preview/> (referer: https://www.bleepingcomputer.com/forums/index.php)
2019-01-08 10:42:42 [scrapy.core.scraper] ERROR: Spider error processing <GET https://www.bleepingcomputer.com/forums/t/448113/the-metro-haters-guide-to-customizing-windows-8-consumer-preview/> (referer: https://www.bleepingcomputer.com/forums/index.php)
Traceback (most recent call last):
  File "/usr/local/lib/python2.7/dist-packages/scrapy/utils/defer.py", line 102, in iter_errback
    yield next(it)
  File "/usr/local/lib/python2.7/dist-packages/scrapy/spidermiddlewares/offsite.py", line 30, in process_spider_output
    for x in result:
  File "/usr/local/lib/python2.7/dist-packages/scrapy/spidermiddlewares/referer.py", line 339, in <genexpr>
    return (_set_referer(r) for r in result or ())
  File "/usr/local/lib/python2.7/dist-packages/scrapy/spidermiddlewares/urllength.py", line 37, in <genexpr>
    return (r for r in result or () if _filter(r))
  File "/usr/local/lib/python2.7/dist-packages/scrapy/spidermiddlewares/depth.py", line 58, in <genexpr>
    return (r for r in result or () if _filter(r))
  File "/home/epictions/TLS/subproject_posts/Phase_01/bleeping_computer/bleeping_computer/bleeping_computer/spiders/bleeping_threads.py", line 166, in parse_threads
    asd = time.strftime('%d %b %Y - %I:%M %p', time.localtime(acd))
ValueError: timestamp out of range for platform time_t
2019-01-08 10:42:42 [scrapy.core.engine] DEBUG: Crawled (200) <GET https://www.bleepingcomputer.com/forums/t/686077/inputs-behaves-strange-after-some-time/> (referer: https://www.bleepingcomputer.com/forums/index.php)
2019-01-08 10:42:43 [scrapy.core.engine] DEBUG: Crawled (200) <GET https://www.bleepingcomputer.com/forums/t/483928/no-hdmi-option-in-sound-playback/> (referer: https://www.bleepingcomputer.com/forums/index.php)
2019-01-08 10:42:43 [scrapy.core.engine] DEBUG: Crawled (200) <GET https://www.bleepingcomputer.com/forums/t/679410/cannot-update-old-laptop-1709-1803/> (referer: https://www.bleepingcomputer.com/forums/index.php)
2019-01-08 10:42:43 [scrapy.core.engine] DEBUG: Crawled (200) <GET https://www.bleepingcomputer.com/forums/t/471691/mouse-pointer-spins-sometimes/> (referer: https://www.bleepingcomputer.com/forums/index.php)
2019-01-08 10:42:44 [scrapy.core.engine] DEBUG: Crawled (200) <GET https://www.bleepingcomputer.com/forums/t/667389/no-longer-have-audio-start-menu-or-settings/> (referer: https://www.bleepingcomputer.com/forums/index.php)
2019-01-08 10:42:44 [scrapy.core.engine] DEBUG: Crawled (200) <GET https://www.bleepingcomputer.com/forums/t/661554/incomplete-view-of-pdfs-in-onedrive-offline-folder/> (referer: https://www.bleepingcomputer.com/forums/index.php)
2019-01-08 10:42:44 [scrapy.core.engine] DEBUG: Crawled (200) <GET https://www.bleepingcomputer.com/forums/t/656816/vpn-connection-problems/> (referer: https://www.bleepingcomputer.com/forums/index.php)
2019-01-08 10:42:45 [scrapy.core.engine] DEBUG: Crawled (200) <GET https://www.bleepingcomputer.com/forums/t/453690/unable-to-delete-folders/> (referer: https://www.bleepingcomputer.com/forums/index.php)
2019-01-08 10:42:45 [scrapy.core.engine] DEBUG: Crawled (200) <GET https://www.bleepingcomputer.com/forums/t/641932/new-windows-10-update-fails-and-keeps-on-updating-automatically/> (referer: https://www.bleepingcomputer.com/forums/index.php)
2019-01-08 10:42:46 [scrapy.core.engine] DEBUG: Crawled (200) <GET https://www.bleepingcomputer.com/forums/t/437748/virtual-graphic-on-machine-virtual/> (referer: https://www.bleepingcomputer.com/forums/index.php)
2019-01-08 10:42:46 [scrapy.core.engine] DEBUG: Crawled (200) <GET https://www.bleepingcomputer.com/forums/t/431292/bios-password/> (referer: https://www.bleepingcomputer.com/forums/index.php)
2019-01-08 10:42:46 [scrapy.core.engine] DEBUG: Crawled (200) <GET https://www.bleepingcomputer.com/forums/t/628992/msconfig/> (referer: https://www.bleepingcomputer.com/forums/index.php)
2019-01-08 10:42:47 [scrapy.core.engine] DEBUG: Crawled (200) <GET https://www.bleepingcomputer.com/forums/t/416444/computer-continuously-reboots-newbie-builder/> (referer: https://www.bleepingcomputer.com/forums/index.php)
2019-01-08 10:42:47 [scrapy.core.engine] DEBUG: Crawled (200) <GET https://www.bleepingcomputer.com/forums/t/619649/revert-to-win-7-using-disk-image/> (referer: https://www.bleepingcomputer.com/forums/index.php)
2019-01-08 10:42:47 [scrapy.core.engine] DEBUG: Crawled (200) <GET https://www.bleepingcomputer.com/forums/t/615269/inconsistent-connection-to-2012-server/> (referer: https://www.bleepingcomputer.com/forums/index.php)
2019-01-08 10:42:48 [scrapy.core.engine] DEBUG: Crawled (200) <GET https://www.bleepingcomputer.com/forums/t/610997/pesky-reconnect-your-drive-notices/> (referer: https://www.bleepingcomputer.com/forums/index.php)
2019-01-08 10:42:48 [scrapy.core.engine] DEBUG: Crawled (200) <GET https://www.bleepingcomputer.com/forums/t/390742/the-unfamous-bsod/> (referer: https://www.bleepingcomputer.com/forums/index.php)
2019-01-08 10:42:49 [scrapy.core.engine] DEBUG: Crawled (200) <GET https://www.bleepingcomputer.com/forums/t/599452/program-file-in-startup/> (referer: https://www.bleepingcomputer.com/forums/index.php)
2019-01-08 10:42:49 [scrapy.core.engine] DEBUG: Crawled (200) <GET https://www.bleepingcomputer.com/forums/t/365167/windows-7-tcp-connections/> (referer: https://www.bleepingcomputer.com/forums/index.php)
2019-01-08 10:42:49 [scrapy.core.engine] DEBUG: Crawled (200) <GET https://www.bleepingcomputer.com/forums/t/355921/windows-7-32bit-restarting-problems/> (referer: https://www.bleepingcomputer.com/forums/index.php)
2019-01-08 10:42:49 [scrapy.core.engine] DEBUG: Crawled (200) <GET https://www.bleepingcomputer.com/forums/t/584430/a-bi-article/> (referer: https://www.bleepingcomputer.com/forums/index.php)
2019-01-08 10:42:50 [scrapy.core.engine] DEBUG: Crawled (200) <GET https://www.bleepingcomputer.com/forums/t/550625/unable-to-type-in-win-10/> (referer: https://www.bleepingcomputer.com/forums/index.php)
2019-01-08 10:42:50 [scrapy.core.engine] DEBUG: Crawled (200) <GET https://www.bleepingcomputer.com/forums/t/291577/help-have-i-lost-windows-7-whats-happend/> (referer: https://www.bleepingcomputer.com/forums/index.php)
2019-01-08 10:42:51 [scrapy.core.engine] DEBUG: Crawled (200) <GET https://www.bleepingcomputer.com/forums/t/182726/engineering-windows-7/> (referer: https://www.bleepingcomputer.com/forums/index.php)
2019-01-08 10:42:51 [scrapy.core.engine] DEBUG: Crawled (200) <GET https://www.bleepingcomputer.com/forums/t/185405/the-most-important-question/> (referer: https://www.bleepingcomputer.com/forums/index.php)
2019-01-08 10:42:51 [scrapy.core.scraper] ERROR: Spider error processing <GET https://www.bleepingcomputer.com/forums/t/185405/the-most-important-question/> (referer: https://www.bleepingcomputer.com/forums/index.php)
Traceback (most recent call last):
  File "/usr/local/lib/python2.7/dist-packages/scrapy/utils/defer.py", line 102, in iter_errback
    yield next(it)
  File "/usr/local/lib/python2.7/dist-packages/scrapy/spidermiddlewares/offsite.py", line 30, in process_spider_output
    for x in result:
  File "/usr/local/lib/python2.7/dist-packages/scrapy/spidermiddlewares/referer.py", line 339, in <genexpr>
    return (_set_referer(r) for r in result or ())
  File "/usr/local/lib/python2.7/dist-packages/scrapy/spidermiddlewares/urllength.py", line 37, in <genexpr>
    return (r for r in result or () if _filter(r))
  File "/usr/local/lib/python2.7/dist-packages/scrapy/spidermiddlewares/depth.py", line 58, in <genexpr>
    return (r for r in result or () if _filter(r))
  File "/home/epictions/TLS/subproject_posts/Phase_01/bleeping_computer/bleeping_computer/bleeping_computer/spiders/bleeping_threads.py", line 165, in parse_threads
    acd = int(dt_1)
ValueError: invalid literal for int() with base 10: ''
2019-01-08 10:42:52 [scrapy.core.engine] DEBUG: Crawled (200) <GET https://www.bleepingcomputer.com/forums/t/189757/first-look-at-windows-7-beta-1/> (referer: https://www.bleepingcomputer.com/forums/index.php)
2019-01-08 10:42:52 [scrapy.core.scraper] ERROR: Spider error processing <GET https://www.bleepingcomputer.com/forums/t/189757/first-look-at-windows-7-beta-1/> (referer: https://www.bleepingcomputer.com/forums/index.php)
Traceback (most recent call last):
  File "/usr/local/lib/python2.7/dist-packages/scrapy/utils/defer.py", line 102, in iter_errback
    yield next(it)
  File "/usr/local/lib/python2.7/dist-packages/scrapy/spidermiddlewares/offsite.py", line 30, in process_spider_output
    for x in result:
  File "/usr/local/lib/python2.7/dist-packages/scrapy/spidermiddlewares/referer.py", line 339, in <genexpr>
    return (_set_referer(r) for r in result or ())
  File "/usr/local/lib/python2.7/dist-packages/scrapy/spidermiddlewares/urllength.py", line 37, in <genexpr>
    return (r for r in result or () if _filter(r))
  File "/usr/local/lib/python2.7/dist-packages/scrapy/spidermiddlewares/depth.py", line 58, in <genexpr>
    return (r for r in result or () if _filter(r))
  File "/home/epictions/TLS/subproject_posts/Phase_01/bleeping_computer/bleeping_computer/bleeping_computer/spiders/bleeping_threads.py", line 165, in parse_threads
    acd = int(dt_1)
ValueError: invalid literal for int() with base 10: ''
2019-01-08 10:42:52 [scrapy.core.engine] DEBUG: Crawled (200) <GET https://www.bleepingcomputer.com/forums/t/191172/win-7-will-lets-ms-track-your-every-move/> (referer: https://www.bleepingcomputer.com/forums/index.php)
2019-01-08 10:42:52 [scrapy.core.scraper] ERROR: Spider error processing <GET https://www.bleepingcomputer.com/forums/t/191172/win-7-will-lets-ms-track-your-every-move/> (referer: https://www.bleepingcomputer.com/forums/index.php)
Traceback (most recent call last):
  File "/usr/local/lib/python2.7/dist-packages/scrapy/utils/defer.py", line 102, in iter_errback
    yield next(it)
  File "/usr/local/lib/python2.7/dist-packages/scrapy/spidermiddlewares/offsite.py", line 30, in process_spider_output
    for x in result:
  File "/usr/local/lib/python2.7/dist-packages/scrapy/spidermiddlewares/referer.py", line 339, in <genexpr>
    return (_set_referer(r) for r in result or ())
  File "/usr/local/lib/python2.7/dist-packages/scrapy/spidermiddlewares/urllength.py", line 37, in <genexpr>
    return (r for r in result or () if _filter(r))
  File "/usr/local/lib/python2.7/dist-packages/scrapy/spidermiddlewares/depth.py", line 58, in <genexpr>
    return (r for r in result or () if _filter(r))
  File "/home/epictions/TLS/subproject_posts/Phase_01/bleeping_computer/bleeping_computer/bleeping_computer/spiders/bleeping_threads.py", line 165, in parse_threads
    acd = int(dt_1)
ValueError: invalid literal for int() with base 10: ''
2019-01-08 10:42:52 [scrapy.core.engine] DEBUG: Crawled (200) <GET https://www.bleepingcomputer.com/forums/t/194702/win-7-and-mobo-question/> (referer: https://www.bleepingcomputer.com/forums/index.php)
2019-01-08 10:42:53 [scrapy.core.scraper] ERROR: Spider error processing <GET https://www.bleepingcomputer.com/forums/t/194702/win-7-and-mobo-question/> (referer: https://www.bleepingcomputer.com/forums/index.php)
Traceback (most recent call last):
  File "/usr/local/lib/python2.7/dist-packages/scrapy/utils/defer.py", line 102, in iter_errback
    yield next(it)
  File "/usr/local/lib/python2.7/dist-packages/scrapy/spidermiddlewares/offsite.py", line 30, in process_spider_output
    for x in result:
  File "/usr/local/lib/python2.7/dist-packages/scrapy/spidermiddlewares/referer.py", line 339, in <genexpr>
    return (_set_referer(r) for r in result or ())
  File "/usr/local/lib/python2.7/dist-packages/scrapy/spidermiddlewares/urllength.py", line 37, in <genexpr>
    return (r for r in result or () if _filter(r))
  File "/usr/local/lib/python2.7/dist-packages/scrapy/spidermiddlewares/depth.py", line 58, in <genexpr>
    return (r for r in result or () if _filter(r))
  File "/home/epictions/TLS/subproject_posts/Phase_01/bleeping_computer/bleeping_computer/bleeping_computer/spiders/bleeping_threads.py", line 165, in parse_threads
    acd = int(dt_1)
ValueError: invalid literal for int() with base 10: ''
2019-01-08 10:42:53 [scrapy.core.engine] DEBUG: Crawled (200) <GET https://www.bleepingcomputer.com/forums/t/194655/dual-boot-with-xp-but-no-boot-manager/> (referer: https://www.bleepingcomputer.com/forums/index.php)
2019-01-08 10:42:53 [scrapy.core.scraper] ERROR: Spider error processing <GET https://www.bleepingcomputer.com/forums/t/194655/dual-boot-with-xp-but-no-boot-manager/> (referer: https://www.bleepingcomputer.com/forums/index.php)
Traceback (most recent call last):
  File "/usr/local/lib/python2.7/dist-packages/scrapy/utils/defer.py", line 102, in iter_errback
    yield next(it)
  File "/usr/local/lib/python2.7/dist-packages/scrapy/spidermiddlewares/offsite.py", line 30, in process_spider_output
    for x in result:
  File "/usr/local/lib/python2.7/dist-packages/scrapy/spidermiddlewares/referer.py", line 339, in <genexpr>
    return (_set_referer(r) for r in result or ())
  File "/usr/local/lib/python2.7/dist-packages/scrapy/spidermiddlewares/urllength.py", line 37, in <genexpr>
    return (r for r in result or () if _filter(r))
  File "/usr/local/lib/python2.7/dist-packages/scrapy/spidermiddlewares/depth.py", line 58, in <genexpr>
    return (r for r in result or () if _filter(r))
  File "/home/epictions/TLS/subproject_posts/Phase_01/bleeping_computer/bleeping_computer/bleeping_computer/spiders/bleeping_threads.py", line 165, in parse_threads
    acd = int(dt_1)
ValueError: invalid literal for int() with base 10: ''
2019-01-08 10:42:53 [scrapy.core.engine] DEBUG: Crawled (200) <GET https://www.bleepingcomputer.com/forums/t/181624/windows-7-superbar/> (referer: https://www.bleepingcomputer.com/forums/index.php)
2019-01-08 10:42:53 [scrapy.core.scraper] ERROR: Spider error processing <GET https://www.bleepingcomputer.com/forums/t/181624/windows-7-superbar/> (referer: https://www.bleepingcomputer.com/forums/index.php)
Traceback (most recent call last):
  File "/usr/local/lib/python2.7/dist-packages/scrapy/utils/defer.py", line 102, in iter_errback
    yield next(it)
  File "/usr/local/lib/python2.7/dist-packages/scrapy/spidermiddlewares/offsite.py", line 30, in process_spider_output
    for x in result:
  File "/usr/local/lib/python2.7/dist-packages/scrapy/spidermiddlewares/referer.py", line 339, in <genexpr>
    return (_set_referer(r) for r in result or ())
  File "/usr/local/lib/python2.7/dist-packages/scrapy/spidermiddlewares/urllength.py", line 37, in <genexpr>
    return (r for r in result or () if _filter(r))
  File "/usr/local/lib/python2.7/dist-packages/scrapy/spidermiddlewares/depth.py", line 58, in <genexpr>
    return (r for r in result or () if _filter(r))
  File "/home/epictions/TLS/subproject_posts/Phase_01/bleeping_computer/bleeping_computer/bleeping_computer/spiders/bleeping_threads.py", line 165, in parse_threads
    acd = int(dt_1)
ValueError: invalid literal for int() with base 10: ''
2019-01-08 10:42:53 [scrapy.core.engine] DEBUG: Crawled (200) <GET https://www.bleepingcomputer.com/forums/t/194855/cannot-close-minimize-any-window-in-windows-7/> (referer: https://www.bleepingcomputer.com/forums/index.php)
2019-01-08 10:42:54 [scrapy.core.engine] DEBUG: Crawled (200) <GET https://www.bleepingcomputer.com/forums/t/196356/boot-up-issue/> (referer: https://www.bleepingcomputer.com/forums/index.php)
2019-01-08 10:42:54 [scrapy.core.scraper] ERROR: Spider error processing <GET https://www.bleepingcomputer.com/forums/t/196356/boot-up-issue/> (referer: https://www.bleepingcomputer.com/forums/index.php)
Traceback (most recent call last):
  File "/usr/local/lib/python2.7/dist-packages/scrapy/utils/defer.py", line 102, in iter_errback
    yield next(it)
  File "/usr/local/lib/python2.7/dist-packages/scrapy/spidermiddlewares/offsite.py", line 30, in process_spider_output
    for x in result:
  File "/usr/local/lib/python2.7/dist-packages/scrapy/spidermiddlewares/referer.py", line 339, in <genexpr>
    return (_set_referer(r) for r in result or ())
  File "/usr/local/lib/python2.7/dist-packages/scrapy/spidermiddlewares/urllength.py", line 37, in <genexpr>
    return (r for r in result or () if _filter(r))
  File "/usr/local/lib/python2.7/dist-packages/scrapy/spidermiddlewares/depth.py", line 58, in <genexpr>
    return (r for r in result or () if _filter(r))
  File "/home/epictions/TLS/subproject_posts/Phase_01/bleeping_computer/bleeping_computer/bleeping_computer/spiders/bleeping_threads.py", line 165, in parse_threads
    acd = int(dt_1)
ValueError: invalid literal for int() with base 10: ''
2019-01-08 10:42:54 [scrapy.core.engine] DEBUG: Crawled (200) <GET https://www.bleepingcomputer.com/forums/t/195387/question-about-dual-boot/> (referer: https://www.bleepingcomputer.com/forums/index.php)
2019-01-08 10:42:54 [scrapy.core.scraper] ERROR: Spider error processing <GET https://www.bleepingcomputer.com/forums/t/195387/question-about-dual-boot/> (referer: https://www.bleepingcomputer.com/forums/index.php)
Traceback (most recent call last):
  File "/usr/local/lib/python2.7/dist-packages/scrapy/utils/defer.py", line 102, in iter_errback
    yield next(it)
  File "/usr/local/lib/python2.7/dist-packages/scrapy/spidermiddlewares/offsite.py", line 30, in process_spider_output
    for x in result:
  File "/usr/local/lib/python2.7/dist-packages/scrapy/spidermiddlewares/referer.py", line 339, in <genexpr>
    return (_set_referer(r) for r in result or ())
  File "/usr/local/lib/python2.7/dist-packages/scrapy/spidermiddlewares/urllength.py", line 37, in <genexpr>
    return (r for r in result or () if _filter(r))
  File "/usr/local/lib/python2.7/dist-packages/scrapy/spidermiddlewares/depth.py", line 58, in <genexpr>
    return (r for r in result or () if _filter(r))
  File "/home/epictions/TLS/subproject_posts/Phase_01/bleeping_computer/bleeping_computer/bleeping_computer/spiders/bleeping_threads.py", line 165, in parse_threads
    acd = int(dt_1)
ValueError: invalid literal for int() with base 10: ''
2019-01-08 10:42:54 [scrapy.core.engine] DEBUG: Crawled (200) <GET https://www.bleepingcomputer.com/forums/t/197305/how-to-fix-crashes-in-windows-7-when-install-updates-or-programs/> (referer: https://www.bleepingcomputer.com/forums/index.php)
2019-01-08 10:42:55 [scrapy.core.engine] DEBUG: Crawled (200) <GET https://www.bleepingcomputer.com/forums/t/196848/installing-win7/> (referer: https://www.bleepingcomputer.com/forums/index.php)
2019-01-08 10:42:55 [scrapy.core.engine] DEBUG: Crawled (200) <GET https://www.bleepingcomputer.com/forums/t/198131/opengl-on-w7-crashes/> (referer: https://www.bleepingcomputer.com/forums/index.php)
2019-01-08 10:42:55 [scrapy.core.engine] DEBUG: Crawled (200) <GET https://www.bleepingcomputer.com/forums/t/191135/who-leaked-windows-7/> (referer: https://www.bleepingcomputer.com/forums/index.php)
2019-01-08 10:42:56 [scrapy.core.scraper] ERROR: Spider error processing <GET https://www.bleepingcomputer.com/forums/t/191135/who-leaked-windows-7/> (referer: https://www.bleepingcomputer.com/forums/index.php)
Traceback (most recent call last):
  File "/usr/local/lib/python2.7/dist-packages/scrapy/utils/defer.py", line 102, in iter_errback
    yield next(it)
  File "/usr/local/lib/python2.7/dist-packages/scrapy/spidermiddlewares/offsite.py", line 30, in process_spider_output
    for x in result:
  File "/usr/local/lib/python2.7/dist-packages/scrapy/spidermiddlewares/referer.py", line 339, in <genexpr>
    return (_set_referer(r) for r in result or ())
  File "/usr/local/lib/python2.7/dist-packages/scrapy/spidermiddlewares/urllength.py", line 37, in <genexpr>
    return (r for r in result or () if _filter(r))
  File "/usr/local/lib/python2.7/dist-packages/scrapy/spidermiddlewares/depth.py", line 58, in <genexpr>
    return (r for r in result or () if _filter(r))
  File "/home/epictions/TLS/subproject_posts/Phase_01/bleeping_computer/bleeping_computer/bleeping_computer/spiders/bleeping_threads.py", line 165, in parse_threads
    acd = int(dt_1)
ValueError: invalid literal for int() with base 10: ''
2019-01-08 10:42:56 [scrapy.core.engine] DEBUG: Crawled (200) <GET https://www.bleepingcomputer.com/forums/t/198878/msconfig-question/> (referer: https://www.bleepingcomputer.com/forums/index.php)
2019-01-08 10:42:56 [scrapy.core.engine] DEBUG: Crawled (200) <GET https://www.bleepingcomputer.com/forums/t/198743/acer-empowerment-technology-frameworklauncherexe-not-working-in-windows-7/> (referer: https://www.bleepingcomputer.com/forums/index.php)
2019-01-08 10:42:57 [scrapy.core.engine] DEBUG: Crawled (200) <GET https://www.bleepingcomputer.com/forums/t/195257/win-7-x32-and-x64/> (referer: https://www.bleepingcomputer.com/forums/index.php)
2019-01-08 10:42:57 [scrapy.core.scraper] ERROR: Spider error processing <GET https://www.bleepingcomputer.com/forums/t/195257/win-7-x32-and-x64/> (referer: https://www.bleepingcomputer.com/forums/index.php)
Traceback (most recent call last):
  File "/usr/local/lib/python2.7/dist-packages/scrapy/utils/defer.py", line 102, in iter_errback
    yield next(it)
  File "/usr/local/lib/python2.7/dist-packages/scrapy/spidermiddlewares/offsite.py", line 30, in process_spider_output
    for x in result:
  File "/usr/local/lib/python2.7/dist-packages/scrapy/spidermiddlewares/referer.py", line 339, in <genexpr>
    return (_set_referer(r) for r in result or ())
  File "/usr/local/lib/python2.7/dist-packages/scrapy/spidermiddlewares/urllength.py", line 37, in <genexpr>
    return (r for r in result or () if _filter(r))
  File "/usr/local/lib/python2.7/dist-packages/scrapy/spidermiddlewares/depth.py", line 58, in <genexpr>
    return (r for r in result or () if _filter(r))
  File "/home/epictions/TLS/subproject_posts/Phase_01/bleeping_computer/bleeping_computer/bleeping_computer/spiders/bleeping_threads.py", line 165, in parse_threads
    acd = int(dt_1)
ValueError: invalid literal for int() with base 10: ''
2019-01-08 10:42:57 [scrapy.core.engine] DEBUG: Crawled (200) <GET https://www.bleepingcomputer.com/forums/t/194437/need-help-with-quad-boot/> (referer: https://www.bleepingcomputer.com/forums/index.php)
2019-01-08 10:42:57 [scrapy.core.engine] DEBUG: Crawled (200) <GET https://www.bleepingcomputer.com/forums/t/198372/lng-file/> (referer: https://www.bleepingcomputer.com/forums/index.php)
2019-01-08 10:42:58 [scrapy.core.engine] DEBUG: Crawled (200) <GET https://www.bleepingcomputer.com/forums/t/200101/sound-issues/> (referer: https://www.bleepingcomputer.com/forums/index.php)
2019-01-08 10:42:58 [scrapy.core.engine] DEBUG: Crawled (200) <GET https://www.bleepingcomputer.com/forums/t/198129/superantispyware-saskutilsys-crashes-w7/> (referer: https://www.bleepingcomputer.com/forums/index.php)
2019-01-08 10:42:58 [scrapy.core.scraper] ERROR: Spider error processing <GET https://www.bleepingcomputer.com/forums/t/198129/superantispyware-saskutilsys-crashes-w7/> (referer: https://www.bleepingcomputer.com/forums/index.php)
Traceback (most recent call last):
  File "/usr/local/lib/python2.7/dist-packages/scrapy/utils/defer.py", line 102, in iter_errback
    yield next(it)
  File "/usr/local/lib/python2.7/dist-packages/scrapy/spidermiddlewares/offsite.py", line 30, in process_spider_output
    for x in result:
  File "/usr/local/lib/python2.7/dist-packages/scrapy/spidermiddlewares/referer.py", line 339, in <genexpr>
    return (_set_referer(r) for r in result or ())
  File "/usr/local/lib/python2.7/dist-packages/scrapy/spidermiddlewares/urllength.py", line 37, in <genexpr>
    return (r for r in result or () if _filter(r))
  File "/usr/local/lib/python2.7/dist-packages/scrapy/spidermiddlewares/depth.py", line 58, in <genexpr>
    return (r for r in result or () if _filter(r))
  File "/home/epictions/TLS/subproject_posts/Phase_01/bleeping_computer/bleeping_computer/bleeping_computer/spiders/bleeping_threads.py", line 165, in parse_threads
    acd = int(dt_1)
ValueError: invalid literal for int() with base 10: ''
2019-01-08 10:42:58 [scrapy.core.engine] DEBUG: Crawled (200) <GET https://www.bleepingcomputer.com/forums/t/201989/storagcrypt-problem/> (referer: https://www.bleepingcomputer.com/forums/index.php)
2019-01-08 10:42:59 [scrapy.core.engine] DEBUG: Crawled (200) <GET https://www.bleepingcomputer.com/forums/t/202366/bsod/> (referer: https://www.bleepingcomputer.com/forums/index.php)
2019-01-08 10:42:59 [scrapy.core.scraper] ERROR: Spider error processing <GET https://www.bleepingcomputer.com/forums/t/202366/bsod/> (referer: https://www.bleepingcomputer.com/forums/index.php)
Traceback (most recent call last):
  File "/usr/local/lib/python2.7/dist-packages/scrapy/utils/defer.py", line 102, in iter_errback
    yield next(it)
  File "/usr/local/lib/python2.7/dist-packages/scrapy/spidermiddlewares/offsite.py", line 30, in process_spider_output
    for x in result:
  File "/usr/local/lib/python2.7/dist-packages/scrapy/spidermiddlewares/referer.py", line 339, in <genexpr>
    return (_set_referer(r) for r in result or ())
  File "/usr/local/lib/python2.7/dist-packages/scrapy/spidermiddlewares/urllength.py", line 37, in <genexpr>
    return (r for r in result or () if _filter(r))
  File "/usr/local/lib/python2.7/dist-packages/scrapy/spidermiddlewares/depth.py", line 58, in <genexpr>
    return (r for r in result or () if _filter(r))
  File "/home/epictions/TLS/subproject_posts/Phase_01/bleeping_computer/bleeping_computer/bleeping_computer/spiders/bleeping_threads.py", line 165, in parse_threads
    acd = int(dt_1)
ValueError: invalid literal for int() with base 10: ''
2019-01-08 10:42:59 [scrapy.core.engine] DEBUG: Crawled (200) <GET https://www.bleepingcomputer.com/forums/t/202041/need-help-bsods-everyday/> (referer: https://www.bleepingcomputer.com/forums/index.php)
2019-01-08 10:42:59 [scrapy.core.engine] DEBUG: Crawled (200) <GET https://www.bleepingcomputer.com/forums/t/203302/help-blue-screen/> (referer: https://www.bleepingcomputer.com/forums/index.php)
2019-01-08 10:43:00 [scrapy.core.engine] DEBUG: Crawled (200) <GET https://www.bleepingcomputer.com/forums/t/203333/free-upgrades-for-windows-7-only-to-windows-vista-users/> (referer: https://www.bleepingcomputer.com/forums/index.php)
2019-01-08 10:43:00 [scrapy.core.scraper] ERROR: Spider error processing <GET https://www.bleepingcomputer.com/forums/t/203333/free-upgrades-for-windows-7-only-to-windows-vista-users/> (referer: https://www.bleepingcomputer.com/forums/index.php)
Traceback (most recent call last):
  File "/usr/local/lib/python2.7/dist-packages/scrapy/utils/defer.py", line 102, in iter_errback
    yield next(it)
  File "/usr/local/lib/python2.7/dist-packages/scrapy/spidermiddlewares/offsite.py", line 30, in process_spider_output
    for x in result:
  File "/usr/local/lib/python2.7/dist-packages/scrapy/spidermiddlewares/referer.py", line 339, in <genexpr>
    return (_set_referer(r) for r in result or ())
  File "/usr/local/lib/python2.7/dist-packages/scrapy/spidermiddlewares/urllength.py", line 37, in <genexpr>
    return (r for r in result or () if _filter(r))
  File "/usr/local/lib/python2.7/dist-packages/scrapy/spidermiddlewares/depth.py", line 58, in <genexpr>
    return (r for r in result or () if _filter(r))
  File "/home/epictions/TLS/subproject_posts/Phase_01/bleeping_computer/bleeping_computer/bleeping_computer/spiders/bleeping_threads.py", line 165, in parse_threads
    acd = int(dt_1)
ValueError: invalid literal for int() with base 10: ''
2019-01-08 10:43:00 [scrapy.core.engine] DEBUG: Crawled (200) <GET https://www.bleepingcomputer.com/forums/t/203313/windows-driver-framework-stop-error-bsod-fun/> (referer: https://www.bleepingcomputer.com/forums/index.php)
2019-01-08 10:43:00 [scrapy.core.engine] DEBUG: Crawled (200) <GET https://www.bleepingcomputer.com/forums/t/203316/dual-boot/> (referer: https://www.bleepingcomputer.com/forums/index.php)
2019-01-08 10:43:01 [scrapy.core.engine] DEBUG: Crawled (200) <GET https://www.bleepingcomputer.com/forums/t/203080/win-7-install-freezes/> (referer: https://www.bleepingcomputer.com/forums/index.php)
2019-01-08 10:43:01 [scrapy.core.engine] DEBUG: Crawled (200) <GET https://www.bleepingcomputer.com/forums/t/204173/dual-boot/> (referer: https://www.bleepingcomputer.com/forums/index.php)
2019-01-08 10:43:01 [scrapy.core.engine] DEBUG: Crawled (200) <GET https://www.bleepingcomputer.com/forums/t/194711/cannot-install-windows-7-beta/> (referer: https://www.bleepingcomputer.com/forums/index.php)
2019-01-08 10:43:01 [scrapy.core.scraper] ERROR: Spider error processing <GET https://www.bleepingcomputer.com/forums/t/194711/cannot-install-windows-7-beta/> (referer: https://www.bleepingcomputer.com/forums/index.php)
Traceback (most recent call last):
  File "/usr/local/lib/python2.7/dist-packages/scrapy/utils/defer.py", line 102, in iter_errback
    yield next(it)
  File "/usr/local/lib/python2.7/dist-packages/scrapy/spidermiddlewares/offsite.py", line 30, in process_spider_output
    for x in result:
  File "/usr/local/lib/python2.7/dist-packages/scrapy/spidermiddlewares/referer.py", line 339, in <genexpr>
    return (_set_referer(r) for r in result or ())
  File "/usr/local/lib/python2.7/dist-packages/scrapy/spidermiddlewares/urllength.py", line 37, in <genexpr>
    return (r for r in result or () if _filter(r))
  File "/usr/local/lib/python2.7/dist-packages/scrapy/spidermiddlewares/depth.py", line 58, in <genexpr>
    return (r for r in result or () if _filter(r))
  File "/home/epictions/TLS/subproject_posts/Phase_01/bleeping_computer/bleeping_computer/bleeping_computer/spiders/bleeping_threads.py", line 165, in parse_threads
    acd = int(dt_1)
ValueError: invalid literal for int() with base 10: ''
2019-01-08 10:43:01 [scrapy.core.engine] DEBUG: Crawled (200) <GET https://www.bleepingcomputer.com/forums/t/203590/sound-settings-access/> (referer: https://www.bleepingcomputer.com/forums/index.php)
2019-01-08 10:43:02 [scrapy.core.scraper] ERROR: Spider error processing <GET https://www.bleepingcomputer.com/forums/t/203590/sound-settings-access/> (referer: https://www.bleepingcomputer.com/forums/index.php)
Traceback (most recent call last):
  File "/usr/local/lib/python2.7/dist-packages/scrapy/utils/defer.py", line 102, in iter_errback
    yield next(it)
  File "/usr/local/lib/python2.7/dist-packages/scrapy/spidermiddlewares/offsite.py", line 30, in process_spider_output
    for x in result:
  File "/usr/local/lib/python2.7/dist-packages/scrapy/spidermiddlewares/referer.py", line 339, in <genexpr>
    return (_set_referer(r) for r in result or ())
  File "/usr/local/lib/python2.7/dist-packages/scrapy/spidermiddlewares/urllength.py", line 37, in <genexpr>
    return (r for r in result or () if _filter(r))
  File "/usr/local/lib/python2.7/dist-packages/scrapy/spidermiddlewares/depth.py", line 58, in <genexpr>
    return (r for r in result or () if _filter(r))
  File "/home/epictions/TLS/subproject_posts/Phase_01/bleeping_computer/bleeping_computer/bleeping_computer/spiders/bleeping_threads.py", line 165, in parse_threads
    acd = int(dt_1)
ValueError: invalid literal for int() with base 10: ''
2019-01-08 10:43:02 [scrapy.core.engine] DEBUG: Crawled (200) <GET https://www.bleepingcomputer.com/forums/t/205334/pc-monitor-application/> (referer: https://www.bleepingcomputer.com/forums/index.php)
2019-01-08 10:43:02 [scrapy.core.engine] DEBUG: Crawled (200) <GET https://www.bleepingcomputer.com/forums/t/205472/laptop-candidate-for-windows-7/> (referer: https://www.bleepingcomputer.com/forums/index.php)
2019-01-08 10:43:02 [scrapy.core.engine] DEBUG: Crawled (200) <GET https://www.bleepingcomputer.com/forums/t/205968/show-hidden-files-folders-and-drives-does-not-work/> (referer: https://www.bleepingcomputer.com/forums/index.php)
2019-01-08 10:43:03 [scrapy.core.engine] DEBUG: Crawled (200) <GET https://www.bleepingcomputer.com/forums/t/206182/windows-update-for-windows-7/> (referer: https://www.bleepingcomputer.com/forums/index.php)
2019-01-08 10:43:03 [scrapy.core.engine] DEBUG: Crawled (200) <GET https://www.bleepingcomputer.com/forums/t/195963/dual-boot-wont-go-away/> (referer: https://www.bleepingcomputer.com/forums/index.php)
2019-01-08 10:43:03 [scrapy.core.scraper] ERROR: Spider error processing <GET https://www.bleepingcomputer.com/forums/t/195963/dual-boot-wont-go-away/> (referer: https://www.bleepingcomputer.com/forums/index.php)
Traceback (most recent call last):
  File "/usr/local/lib/python2.7/dist-packages/scrapy/utils/defer.py", line 102, in iter_errback
    yield next(it)
  File "/usr/local/lib/python2.7/dist-packages/scrapy/spidermiddlewares/offsite.py", line 30, in process_spider_output
    for x in result:
  File "/usr/local/lib/python2.7/dist-packages/scrapy/spidermiddlewares/referer.py", line 339, in <genexpr>
    return (_set_referer(r) for r in result or ())
  File "/usr/local/lib/python2.7/dist-packages/scrapy/spidermiddlewares/urllength.py", line 37, in <genexpr>
    return (r for r in result or () if _filter(r))
  File "/usr/local/lib/python2.7/dist-packages/scrapy/spidermiddlewares/depth.py", line 58, in <genexpr>
    return (r for r in result or () if _filter(r))
  File "/home/epictions/TLS/subproject_posts/Phase_01/bleeping_computer/bleeping_computer/bleeping_computer/spiders/bleeping_threads.py", line 165, in parse_threads
    acd = int(dt_1)
ValueError: invalid literal for int() with base 10: ''
2019-01-08 10:43:03 [scrapy.core.engine] DEBUG: Crawled (200) <GET https://www.bleepingcomputer.com/forums/t/208944/win7-crash-on-dual-boot-system/> (referer: https://www.bleepingcomputer.com/forums/index.php)
2019-01-08 10:43:04 [scrapy.core.engine] DEBUG: Crawled (200) <GET https://www.bleepingcomputer.com/forums/t/205567/software/> (referer: https://www.bleepingcomputer.com/forums/index.php)
2019-01-08 10:43:04 [scrapy.core.engine] DEBUG: Crawled (200) <GET https://www.bleepingcomputer.com/forums/t/204601/when-will-microsoft-release-windows-7-final-not-beta/> (referer: https://www.bleepingcomputer.com/forums/index.php)
2019-01-08 10:43:04 [scrapy.core.scraper] ERROR: Spider error processing <GET https://www.bleepingcomputer.com/forums/t/204601/when-will-microsoft-release-windows-7-final-not-beta/> (referer: https://www.bleepingcomputer.com/forums/index.php)
Traceback (most recent call last):
  File "/usr/local/lib/python2.7/dist-packages/scrapy/utils/defer.py", line 102, in iter_errback
    yield next(it)
  File "/usr/local/lib/python2.7/dist-packages/scrapy/spidermiddlewares/offsite.py", line 30, in process_spider_output
    for x in result:
  File "/usr/local/lib/python2.7/dist-packages/scrapy/spidermiddlewares/referer.py", line 339, in <genexpr>
    return (_set_referer(r) for r in result or ())
  File "/usr/local/lib/python2.7/dist-packages/scrapy/spidermiddlewares/urllength.py", line 37, in <genexpr>
    return (r for r in result or () if _filter(r))
  File "/usr/local/lib/python2.7/dist-packages/scrapy/spidermiddlewares/depth.py", line 58, in <genexpr>
    return (r for r in result or () if _filter(r))
  File "/home/epictions/TLS/subproject_posts/Phase_01/bleeping_computer/bleeping_computer/bleeping_computer/spiders/bleeping_threads.py", line 165, in parse_threads
    acd = int(dt_1)
ValueError: invalid literal for int() with base 10: ''
2019-01-08 10:43:05 [scrapy.core.engine] DEBUG: Crawled (200) <GET https://www.bleepingcomputer.com/forums/t/199609/windows-7-beta-uac-completely-vulnerable-to-malware/> (referer: https://www.bleepingcomputer.com/forums/index.php)
2019-01-08 10:43:06 [scrapy.core.engine] DEBUG: Crawled (200) <GET https://www.bleepingcomputer.com/forums/t/209452/background-images-for-windows-7/> (referer: https://www.bleepingcomputer.com/forums/index.php)
2019-01-08 10:43:06 [scrapy.core.engine] DEBUG: Crawled (200) <GET https://www.bleepingcomputer.com/forums/t/207361/bsod-windbg-log-inside/> (referer: https://www.bleepingcomputer.com/forums/index.php)
2019-01-08 10:43:06 [scrapy.core.engine] DEBUG: Crawled (200) <GET https://www.bleepingcomputer.com/forums/t/211525/update-on-win7-releases/> (referer: https://www.bleepingcomputer.com/forums/index.php)
2019-01-08 10:43:07 [scrapy.core.engine] DEBUG: Crawled (200) <GET https://www.bleepingcomputer.com/forums/t/211770/bsod-on-playing-video-in-7057/> (referer: https://www.bleepingcomputer.com/forums/index.php)
2019-01-08 10:43:07 [scrapy.core.engine] DEBUG: Crawled (200) <GET https://www.bleepingcomputer.com/forums/t/212235/wow-this-is-the-only-problem-ive-had-and-its-big/> (referer: https://www.bleepingcomputer.com/forums/index.php)
2019-01-08 10:43:07 [scrapy.core.engine] DEBUG: Crawled (200) <GET https://www.bleepingcomputer.com/forums/t/211790/windows-7-difficulty/> (referer: https://www.bleepingcomputer.com/forums/index.php)
2019-01-08 10:43:08 [scrapy.core.engine] DEBUG: Crawled (200) <GET https://www.bleepingcomputer.com/forums/t/204318/wireless-connection/> (referer: https://www.bleepingcomputer.com/forums/index.php)
2019-01-08 10:43:08 [scrapy.core.engine] DEBUG: Crawled (200) <GET https://www.bleepingcomputer.com/forums/t/213837/glitch/> (referer: https://www.bleepingcomputer.com/forums/index.php)
2019-01-08 10:43:08 [scrapy.core.engine] DEBUG: Crawled (200) <GET https://www.bleepingcomputer.com/forums/t/212783/windows-7-to-be-more-customizable/> (referer: https://www.bleepingcomputer.com/forums/index.php)
2019-01-08 10:43:09 [scrapy.core.engine] DEBUG: Crawled (200) <GET https://www.bleepingcomputer.com/forums/t/214881/windows-7-build-7068-has-ie-8-built-in/> (referer: https://www.bleepingcomputer.com/forums/index.php)
2019-01-08 10:43:09 [scrapy.core.engine] DEBUG: Crawled (200) <GET https://www.bleepingcomputer.com/forums/t/214915/cannot-launch-skype-on-w7/> (referer: https://www.bleepingcomputer.com/forums/index.php)
2019-01-08 10:43:09 [scrapy.core.engine] DEBUG: Crawled (200) <GET https://www.bleepingcomputer.com/forums/t/214515/display-change-when-browser-is-opened/> (referer: https://www.bleepingcomputer.com/forums/index.php)
2019-01-08 10:43:10 [scrapy.core.engine] DEBUG: Crawled (200) <GET https://www.bleepingcomputer.com/forums/t/213780/windows-vista-v-windows-7/> (referer: https://www.bleepingcomputer.com/forums/index.php)
2019-01-08 10:43:10 [scrapy.core.scraper] ERROR: Spider error processing <GET https://www.bleepingcomputer.com/forums/t/213780/windows-vista-v-windows-7/> (referer: https://www.bleepingcomputer.com/forums/index.php)
Traceback (most recent call last):
  File "/usr/local/lib/python2.7/dist-packages/scrapy/utils/defer.py", line 102, in iter_errback
    yield next(it)
  File "/usr/local/lib/python2.7/dist-packages/scrapy/spidermiddlewares/offsite.py", line 30, in process_spider_output
    for x in result:
  File "/usr/local/lib/python2.7/dist-packages/scrapy/spidermiddlewares/referer.py", line 339, in <genexpr>
    return (_set_referer(r) for r in result or ())
  File "/usr/local/lib/python2.7/dist-packages/scrapy/spidermiddlewares/urllength.py", line 37, in <genexpr>
    return (r for r in result or () if _filter(r))
  File "/usr/local/lib/python2.7/dist-packages/scrapy/spidermiddlewares/depth.py", line 58, in <genexpr>
    return (r for r in result or () if _filter(r))
  File "/home/epictions/TLS/subproject_posts/Phase_01/bleeping_computer/bleeping_computer/bleeping_computer/spiders/bleeping_threads.py", line 165, in parse_threads
    acd = int(dt_1)
ValueError: invalid literal for int() with base 10: ''
2019-01-08 10:43:10 [scrapy.core.engine] DEBUG: Crawled (200) <GET https://www.bleepingcomputer.com/forums/t/199855/windows-7-how-to-download-and-participate-in-the-beta/> (referer: https://www.bleepingcomputer.com/forums/index.php)
2019-01-08 10:43:11 [scrapy.core.engine] DEBUG: Crawled (200) <GET https://www.bleepingcomputer.com/forums/t/218528/windows-video-graphics-problem/> (referer: https://www.bleepingcomputer.com/forums/index.php)
2019-01-08 10:43:11 [scrapy.core.engine] DEBUG: Crawled (200) <GET https://www.bleepingcomputer.com/forums/t/219144/administrative-power/> (referer: https://www.bleepingcomputer.com/forums/index.php)
2019-01-08 10:43:11 [scrapy.core.engine] DEBUG: Crawled (200) <GET https://www.bleepingcomputer.com/forums/t/218593/windows-7-or-win-xp-pro/> (referer: https://www.bleepingcomputer.com/forums/index.php)
2019-01-08 10:43:12 [scrapy.core.scraper] ERROR: Spider error processing <GET https://www.bleepingcomputer.com/forums/t/218593/windows-7-or-win-xp-pro/> (referer: https://www.bleepingcomputer.com/forums/index.php)
Traceback (most recent call last):
  File "/usr/local/lib/python2.7/dist-packages/scrapy/utils/defer.py", line 102, in iter_errback
    yield next(it)
  File "/usr/local/lib/python2.7/dist-packages/scrapy/spidermiddlewares/offsite.py", line 30, in process_spider_output
    for x in result:
  File "/usr/local/lib/python2.7/dist-packages/scrapy/spidermiddlewares/referer.py", line 339, in <genexpr>
    return (_set_referer(r) for r in result or ())
  File "/usr/local/lib/python2.7/dist-packages/scrapy/spidermiddlewares/urllength.py", line 37, in <genexpr>
    return (r for r in result or () if _filter(r))
  File "/usr/local/lib/python2.7/dist-packages/scrapy/spidermiddlewares/depth.py", line 58, in <genexpr>
    return (r for r in result or () if _filter(r))
  File "/home/epictions/TLS/subproject_posts/Phase_01/bleeping_computer/bleeping_computer/bleeping_computer/spiders/bleeping_threads.py", line 165, in parse_threads
    acd = int(dt_1)
ValueError: invalid literal for int() with base 10: ''
2019-01-08 10:43:12 [scrapy.core.engine] DEBUG: Crawled (200) <GET https://www.bleepingcomputer.com/forums/t/223362/me-and-my-cheap-printer/> (referer: https://www.bleepingcomputer.com/forums/index.php)
2019-01-08 10:43:12 [scrapy.core.engine] DEBUG: Crawled (200) <GET https://www.bleepingcomputer.com/forums/t/224170/windows-7-rc1-availible-at-least-until-june-30/> (referer: https://www.bleepingcomputer.com/forums/index.php)
2019-01-08 10:43:12 [scrapy.core.engine] DEBUG: Crawled (200) <GET https://www.bleepingcomputer.com/forums/t/224312/can-i-skip-windows-vista-when-i-upgrade-to-win-7/> (referer: https://www.bleepingcomputer.com/forums/index.php)
2019-01-08 10:43:13 [scrapy.core.engine] DEBUG: Crawled (200) <GET https://www.bleepingcomputer.com/forums/t/218095/need-windows-7/> (referer: https://www.bleepingcomputer.com/forums/index.php)
2019-01-08 10:43:13 [scrapy.core.engine] DEBUG: Crawled (200) <GET https://www.bleepingcomputer.com/forums/t/216770/windows-7-or-windows-xp/> (referer: https://www.bleepingcomputer.com/forums/index.php)
2019-01-08 10:43:13 [scrapy.core.scraper] ERROR: Spider error processing <GET https://www.bleepingcomputer.com/forums/t/216770/windows-7-or-windows-xp/> (referer: https://www.bleepingcomputer.com/forums/index.php)
Traceback (most recent call last):
  File "/usr/local/lib/python2.7/dist-packages/scrapy/utils/defer.py", line 102, in iter_errback
    yield next(it)
  File "/usr/local/lib/python2.7/dist-packages/scrapy/spidermiddlewares/offsite.py", line 30, in process_spider_output
    for x in result:
  File "/usr/local/lib/python2.7/dist-packages/scrapy/spidermiddlewares/referer.py", line 339, in <genexpr>
    return (_set_referer(r) for r in result or ())
  File "/usr/local/lib/python2.7/dist-packages/scrapy/spidermiddlewares/urllength.py", line 37, in <genexpr>
    return (r for r in result or () if _filter(r))
  File "/usr/local/lib/python2.7/dist-packages/scrapy/spidermiddlewares/depth.py", line 58, in <genexpr>
    return (r for r in result or () if _filter(r))
  File "/home/epictions/TLS/subproject_posts/Phase_01/bleeping_computer/bleeping_computer/bleeping_computer/spiders/bleeping_threads.py", line 165, in parse_threads
    acd = int(dt_1)
ValueError: invalid literal for int() with base 10: ''
2019-01-08 10:43:13 [scrapy.core.engine] DEBUG: Crawled (200) <GET https://www.bleepingcomputer.com/forums/t/224856/windows-7-and-dual-booting/> (referer: https://www.bleepingcomputer.com/forums/index.php)
2019-01-08 10:43:14 [scrapy.core.engine] DEBUG: Crawled (200) <GET https://www.bleepingcomputer.com/forums/t/194704/download-windows-7-beta/> (referer: https://www.bleepingcomputer.com/forums/index.php)
2019-01-08 10:43:14 [scrapy.core.engine] DEBUG: Crawled (200) <GET https://www.bleepingcomputer.com/forums/t/215304/windows-7-starter-edition/> (referer: https://www.bleepingcomputer.com/forums/index.php)
2019-01-08 10:43:14 [scrapy.core.engine] DEBUG: Crawled (200) <GET https://www.bleepingcomputer.com/forums/t/224552/how-to-install-windows-7/> (referer: https://www.bleepingcomputer.com/forums/index.php)
2019-01-08 10:43:15 [scrapy.core.scraper] ERROR: Spider error processing <GET https://www.bleepingcomputer.com/forums/t/224552/how-to-install-windows-7/> (referer: https://www.bleepingcomputer.com/forums/index.php)
Traceback (most recent call last):
  File "/usr/local/lib/python2.7/dist-packages/scrapy/utils/defer.py", line 102, in iter_errback
    yield next(it)
  File "/usr/local/lib/python2.7/dist-packages/scrapy/spidermiddlewares/offsite.py", line 30, in process_spider_output
    for x in result:
  File "/usr/local/lib/python2.7/dist-packages/scrapy/spidermiddlewares/referer.py", line 339, in <genexpr>
    return (_set_referer(r) for r in result or ())
  File "/usr/local/lib/python2.7/dist-packages/scrapy/spidermiddlewares/urllength.py", line 37, in <genexpr>
    return (r for r in result or () if _filter(r))
  File "/usr/local/lib/python2.7/dist-packages/scrapy/spidermiddlewares/depth.py", line 58, in <genexpr>
    return (r for r in result or () if _filter(r))
  File "/home/epictions/TLS/subproject_posts/Phase_01/bleeping_computer/bleeping_computer/bleeping_computer/spiders/bleeping_threads.py", line 165, in parse_threads
    acd = int(dt_1)
ValueError: invalid literal for int() with base 10: ''
2019-01-08 10:43:15 [scrapy.core.engine] DEBUG: Crawled (200) <GET https://www.bleepingcomputer.com/forums/t/224555/windows-7-and-256mb-of-ram/> (referer: https://www.bleepingcomputer.com/forums/index.php)
2019-01-08 10:43:15 [scrapy.core.scraper] ERROR: Spider error processing <GET https://www.bleepingcomputer.com/forums/t/224555/windows-7-and-256mb-of-ram/> (referer: https://www.bleepingcomputer.com/forums/index.php)
Traceback (most recent call last):
  File "/usr/local/lib/python2.7/dist-packages/scrapy/utils/defer.py", line 102, in iter_errback
    yield next(it)
  File "/usr/local/lib/python2.7/dist-packages/scrapy/spidermiddlewares/offsite.py", line 30, in process_spider_output
    for x in result:
  File "/usr/local/lib/python2.7/dist-packages/scrapy/spidermiddlewares/referer.py", line 339, in <genexpr>
    return (_set_referer(r) for r in result or ())
  File "/usr/local/lib/python2.7/dist-packages/scrapy/spidermiddlewares/urllength.py", line 37, in <genexpr>
    return (r for r in result or () if _filter(r))
  File "/usr/local/lib/python2.7/dist-packages/scrapy/spidermiddlewares/depth.py", line 58, in <genexpr>
    return (r for r in result or () if _filter(r))
  File "/home/epictions/TLS/subproject_posts/Phase_01/bleeping_computer/bleeping_computer/bleeping_computer/spiders/bleeping_threads.py", line 165, in parse_threads
    acd = int(dt_1)
ValueError: invalid literal for int() with base 10: ''
2019-01-08 10:43:15 [scrapy.core.engine] DEBUG: Crawled (200) <GET https://www.bleepingcomputer.com/forums/t/222836/mark-russinovich/> (referer: https://www.bleepingcomputer.com/forums/index.php)
2019-01-08 10:43:16 [scrapy.core.scraper] ERROR: Spider error processing <GET https://www.bleepingcomputer.com/forums/t/222836/mark-russinovich/> (referer: https://www.bleepingcomputer.com/forums/index.php)
Traceback (most recent call last):
  File "/usr/local/lib/python2.7/dist-packages/scrapy/utils/defer.py", line 102, in iter_errback
    yield next(it)
  File "/usr/local/lib/python2.7/dist-packages/scrapy/spidermiddlewares/offsite.py", line 30, in process_spider_output
    for x in result:
  File "/usr/local/lib/python2.7/dist-packages/scrapy/spidermiddlewares/referer.py", line 339, in <genexpr>
    return (_set_referer(r) for r in result or ())
  File "/usr/local/lib/python2.7/dist-packages/scrapy/spidermiddlewares/urllength.py", line 37, in <genexpr>
    return (r for r in result or () if _filter(r))
  File "/usr/local/lib/python2.7/dist-packages/scrapy/spidermiddlewares/depth.py", line 58, in <genexpr>
    return (r for r in result or () if _filter(r))
  File "/home/epictions/TLS/subproject_posts/Phase_01/bleeping_computer/bleeping_computer/bleeping_computer/spiders/bleeping_threads.py", line 165, in parse_threads
    acd = int(dt_1)
ValueError: invalid literal for int() with base 10: ''
2019-01-08 10:43:16 [scrapy.core.engine] DEBUG: Crawled (200) <GET https://www.bleepingcomputer.com/forums/t/225387/themes-problem/> (referer: https://www.bleepingcomputer.com/forums/index.php)
2019-01-08 10:43:16 [scrapy.core.engine] DEBUG: Crawled (200) <GET https://www.bleepingcomputer.com/forums/t/225282/how-to-finish-install/> (referer: https://www.bleepingcomputer.com/forums/index.php)
2019-01-08 10:43:16 [scrapy.core.engine] DEBUG: Crawled (200) <GET https://www.bleepingcomputer.com/forums/t/225429/windows-7/> (referer: https://www.bleepingcomputer.com/forums/index.php)
2019-01-08 10:43:17 [scrapy.core.scraper] ERROR: Spider error processing <GET https://www.bleepingcomputer.com/forums/t/225429/windows-7/> (referer: https://www.bleepingcomputer.com/forums/index.php)
Traceback (most recent call last):
  File "/usr/local/lib/python2.7/dist-packages/scrapy/utils/defer.py", line 102, in iter_errback
    yield next(it)
  File "/usr/local/lib/python2.7/dist-packages/scrapy/spidermiddlewares/offsite.py", line 30, in process_spider_output
    for x in result:
  File "/usr/local/lib/python2.7/dist-packages/scrapy/spidermiddlewares/referer.py", line 339, in <genexpr>
    return (_set_referer(r) for r in result or ())
  File "/usr/local/lib/python2.7/dist-packages/scrapy/spidermiddlewares/urllength.py", line 37, in <genexpr>
    return (r for r in result or () if _filter(r))
  File "/usr/local/lib/python2.7/dist-packages/scrapy/spidermiddlewares/depth.py", line 58, in <genexpr>
    return (r for r in result or () if _filter(r))
  File "/home/epictions/TLS/subproject_posts/Phase_01/bleeping_computer/bleeping_computer/bleeping_computer/spiders/bleeping_threads.py", line 165, in parse_threads
    acd = int(dt_1)
ValueError: invalid literal for int() with base 10: ''
2019-01-08 10:43:17 [scrapy.core.engine] DEBUG: Crawled (200) <GET https://www.bleepingcomputer.com/forums/t/225483/windows-7-install-how/> (referer: https://www.bleepingcomputer.com/forums/index.php)
2019-01-08 10:43:17 [scrapy.core.engine] DEBUG: Crawled (200) <GET https://www.bleepingcomputer.com/forums/t/225817/windows-live-onecare-and-windows-7/> (referer: https://www.bleepingcomputer.com/forums/index.php)
2019-01-08 10:43:17 [scrapy.core.scraper] ERROR: Spider error processing <GET https://www.bleepingcomputer.com/forums/t/225817/windows-live-onecare-and-windows-7/> (referer: https://www.bleepingcomputer.com/forums/index.php)
Traceback (most recent call last):
  File "/usr/local/lib/python2.7/dist-packages/scrapy/utils/defer.py", line 102, in iter_errback
    yield next(it)
  File "/usr/local/lib/python2.7/dist-packages/scrapy/spidermiddlewares/offsite.py", line 30, in process_spider_output
    for x in result:
  File "/usr/local/lib/python2.7/dist-packages/scrapy/spidermiddlewares/referer.py", line 339, in <genexpr>
    return (_set_referer(r) for r in result or ())
  File "/usr/local/lib/python2.7/dist-packages/scrapy/spidermiddlewares/urllength.py", line 37, in <genexpr>
    return (r for r in result or () if _filter(r))
  File "/usr/local/lib/python2.7/dist-packages/scrapy/spidermiddlewares/depth.py", line 58, in <genexpr>
    return (r for r in result or () if _filter(r))
  File "/home/epictions/TLS/subproject_posts/Phase_01/bleeping_computer/bleeping_computer/bleeping_computer/spiders/bleeping_threads.py", line 165, in parse_threads
    acd = int(dt_1)
ValueError: invalid literal for int() with base 10: ''
2019-01-08 10:43:17 [scrapy.core.engine] DEBUG: Crawled (200) <GET https://www.bleepingcomputer.com/forums/t/226428/installing-office-2003-on-a-dual-boot-win7xp-system/> (referer: https://www.bleepingcomputer.com/forums/index.php)
2019-01-08 10:43:18 [scrapy.core.engine] DEBUG: Crawled (200) <GET https://www.bleepingcomputer.com/forums/t/218234/windows-7-availability/> (referer: https://www.bleepingcomputer.com/forums/index.php)
2019-01-08 10:43:18 [scrapy.core.engine] DEBUG: Crawled (200) <GET https://www.bleepingcomputer.com/forums/t/222209/no-driver-needed/> (referer: https://www.bleepingcomputer.com/forums/index.php)
2019-01-08 10:43:18 [scrapy.core.engine] DEBUG: Crawled (200) <GET https://www.bleepingcomputer.com/forums/t/225011/ok-i-got-windows-7-rc-64-bit-downloaded/> (referer: https://www.bleepingcomputer.com/forums/index.php)
2019-01-08 10:43:19 [scrapy.core.engine] DEBUG: Crawled (200) <GET https://www.bleepingcomputer.com/forums/t/226791/installing-windows7-on-osless-computer/> (referer: https://www.bleepingcomputer.com/forums/index.php)
2019-01-08 10:43:20 [scrapy.core.engine] DEBUG: Crawled (200) <GET https://www.bleepingcomputer.com/forums/t/209270/my-windows-7-findings/> (referer: https://www.bleepingcomputer.com/forums/index.php)
2019-01-08 10:43:20 [scrapy.core.engine] DEBUG: Crawled (200) <GET https://www.bleepingcomputer.com/forums/t/226949/desktop-icons-show-locked-icon-in-corner/> (referer: https://www.bleepingcomputer.com/forums/index.php)
2019-01-08 10:43:20 [scrapy.core.engine] DEBUG: Crawled (200) <GET https://www.bleepingcomputer.com/forums/t/226387/all-my-photos-are-disappearing/> (referer: https://www.bleepingcomputer.com/forums/index.php)
2019-01-08 10:43:21 [scrapy.core.engine] DEBUG: Crawled (200) <GET https://www.bleepingcomputer.com/forums/t/226400/installing-windows-7-without-a-physical-disc/> (referer: https://www.bleepingcomputer.com/forums/index.php)
2019-01-08 10:43:21 [scrapy.core.engine] DEBUG: Crawled (200) <GET https://www.bleepingcomputer.com/forums/t/227577/administrative-rights/> (referer: https://www.bleepingcomputer.com/forums/index.php)
2019-01-08 10:43:21 [scrapy.core.engine] DEBUG: Crawled (200) <GET https://www.bleepingcomputer.com/forums/t/228077/random-bsods/> (referer: https://www.bleepingcomputer.com/forums/index.php)
2019-01-08 10:43:21 [scrapy.extensions.logstats] INFO: Crawled 155 pages (at 155 pages/min), scraped 0 items (at 0 items/min)
2019-01-08 10:43:22 [scrapy.core.engine] DEBUG: Crawled (200) <GET https://www.bleepingcomputer.com/forums/t/228454/bsods-with-multiple-sys-listed-not-during-the-same-bsod/> (referer: https://www.bleepingcomputer.com/forums/index.php)
2019-01-08 10:43:22 [scrapy.core.engine] DEBUG: Crawled (200) <GET https://www.bleepingcomputer.com/forums/t/228715/downloading-windows-7/> (referer: https://www.bleepingcomputer.com/forums/index.php)
2019-01-08 10:43:22 [scrapy.core.engine] DEBUG: Crawled (200) <GET https://www.bleepingcomputer.com/forums/t/227604/my-first-dual-boot-system/> (referer: https://www.bleepingcomputer.com/forums/index.php)
2019-01-08 10:43:22 [scrapy.core.scraper] ERROR: Spider error processing <GET https://www.bleepingcomputer.com/forums/t/227604/my-first-dual-boot-system/> (referer: https://www.bleepingcomputer.com/forums/index.php)
Traceback (most recent call last):
  File "/usr/local/lib/python2.7/dist-packages/scrapy/utils/defer.py", line 102, in iter_errback
    yield next(it)
  File "/usr/local/lib/python2.7/dist-packages/scrapy/spidermiddlewares/offsite.py", line 30, in process_spider_output
    for x in result:
  File "/usr/local/lib/python2.7/dist-packages/scrapy/spidermiddlewares/referer.py", line 339, in <genexpr>
    return (_set_referer(r) for r in result or ())
  File "/usr/local/lib/python2.7/dist-packages/scrapy/spidermiddlewares/urllength.py", line 37, in <genexpr>
    return (r for r in result or () if _filter(r))
  File "/usr/local/lib/python2.7/dist-packages/scrapy/spidermiddlewares/depth.py", line 58, in <genexpr>
    return (r for r in result or () if _filter(r))
  File "/home/epictions/TLS/subproject_posts/Phase_01/bleeping_computer/bleeping_computer/bleeping_computer/spiders/bleeping_threads.py", line 165, in parse_threads
    acd = int(dt_1)
ValueError: invalid literal for int() with base 10: ''
2019-01-08 10:43:23 [scrapy.core.engine] DEBUG: Crawled (200) <GET https://www.bleepingcomputer.com/forums/t/228867/hard-drive-missing-from-cp-but-is-active-in-device-manager/> (referer: https://www.bleepingcomputer.com/forums/index.php)
2019-01-08 10:43:23 [scrapy.core.engine] DEBUG: Crawled (200) <GET https://www.bleepingcomputer.com/forums/t/228811/some-programs-will-not-pin/> (referer: https://www.bleepingcomputer.com/forums/index.php)
2019-01-08 10:43:23 [scrapy.core.engine] DEBUG: Crawled (200) <GET https://www.bleepingcomputer.com/forums/t/227098/windows-7-and-indexdat/> (referer: https://www.bleepingcomputer.com/forums/index.php)
2019-01-08 10:43:24 [scrapy.core.engine] DEBUG: Crawled (200) <GET https://www.bleepingcomputer.com/forums/t/229832/vpn-without-zonelabs-integrity-agent/> (referer: https://www.bleepingcomputer.com/forums/index.php)
2019-01-08 10:43:24 [scrapy.core.engine] DEBUG: Crawled (200) <GET https://www.bleepingcomputer.com/forums/t/229443/question-re-dual-booting-xp-and-win7/> (referer: https://www.bleepingcomputer.com/forums/index.php)
2019-01-08 10:43:24 [scrapy.core.engine] DEBUG: Crawled (200) <GET https://www.bleepingcomputer.com/forums/t/229426/how-do-i-do-this-in-windows-7/> (referer: https://www.bleepingcomputer.com/forums/index.php)
2019-01-08 10:43:25 [scrapy.core.engine] DEBUG: Crawled (200) <GET https://www.bleepingcomputer.com/forums/t/227101/windows-7-and-vista/> (referer: https://www.bleepingcomputer.com/forums/index.php)
2019-01-08 10:43:25 [scrapy.core.scraper] ERROR: Spider error processing <GET https://www.bleepingcomputer.com/forums/t/227101/windows-7-and-vista/> (referer: https://www.bleepingcomputer.com/forums/index.php)
Traceback (most recent call last):
  File "/usr/local/lib/python2.7/dist-packages/scrapy/utils/defer.py", line 102, in iter_errback
    yield next(it)
  File "/usr/local/lib/python2.7/dist-packages/scrapy/spidermiddlewares/offsite.py", line 30, in process_spider_output
    for x in result:
  File "/usr/local/lib/python2.7/dist-packages/scrapy/spidermiddlewares/referer.py", line 339, in <genexpr>
    return (_set_referer(r) for r in result or ())
  File "/usr/local/lib/python2.7/dist-packages/scrapy/spidermiddlewares/urllength.py", line 37, in <genexpr>
    return (r for r in result or () if _filter(r))
  File "/usr/local/lib/python2.7/dist-packages/scrapy/spidermiddlewares/depth.py", line 58, in <genexpr>
    return (r for r in result or () if _filter(r))
  File "/home/epictions/TLS/subproject_posts/Phase_01/bleeping_computer/bleeping_computer/bleeping_computer/spiders/bleeping_threads.py", line 165, in parse_threads
    acd = int(dt_1)
ValueError: invalid literal for int() with base 10: ''
2019-01-08 10:43:25 [scrapy.core.engine] DEBUG: Crawled (200) <GET https://www.bleepingcomputer.com/forums/t/229417/windows-7-rc-shutting-down-at-random/> (referer: https://www.bleepingcomputer.com/forums/index.php)
2019-01-08 10:43:25 [scrapy.core.engine] DEBUG: Crawled (200) <GET https://www.bleepingcomputer.com/forums/t/224627/simulator/> (referer: https://www.bleepingcomputer.com/forums/index.php)
2019-01-08 10:43:26 [scrapy.core.engine] DEBUG: Crawled (200) <GET https://www.bleepingcomputer.com/forums/t/229063/7600-gs/> (referer: https://www.bleepingcomputer.com/forums/index.php)
2019-01-08 10:43:26 [scrapy.core.engine] DEBUG: Crawled (200) <GET https://www.bleepingcomputer.com/forums/t/230530/buying-windows-7/> (referer: https://www.bleepingcomputer.com/forums/index.php)
2019-01-08 10:43:26 [scrapy.core.engine] DEBUG: Crawled (200) <GET https://www.bleepingcomputer.com/forums/t/229775/whats-the-difference/> (referer: https://www.bleepingcomputer.com/forums/index.php)
2019-01-08 10:43:27 [scrapy.core.engine] DEBUG: Crawled (200) <GET https://www.bleepingcomputer.com/forums/t/228451/final-release-update-possibility/> (referer: https://www.bleepingcomputer.com/forums/index.php)
2019-01-08 10:43:27 [scrapy.core.scraper] ERROR: Spider error processing <GET https://www.bleepingcomputer.com/forums/t/228451/final-release-update-possibility/> (referer: https://www.bleepingcomputer.com/forums/index.php)
Traceback (most recent call last):
  File "/usr/local/lib/python2.7/dist-packages/scrapy/utils/defer.py", line 102, in iter_errback
    yield next(it)
  File "/usr/local/lib/python2.7/dist-packages/scrapy/spidermiddlewares/offsite.py", line 30, in process_spider_output
    for x in result:
  File "/usr/local/lib/python2.7/dist-packages/scrapy/spidermiddlewares/referer.py", line 339, in <genexpr>
    return (_set_referer(r) for r in result or ())
  File "/usr/local/lib/python2.7/dist-packages/scrapy/spidermiddlewares/urllength.py", line 37, in <genexpr>
    return (r for r in result or () if _filter(r))
  File "/usr/local/lib/python2.7/dist-packages/scrapy/spidermiddlewares/depth.py", line 58, in <genexpr>
    return (r for r in result or () if _filter(r))
  File "/home/epictions/TLS/subproject_posts/Phase_01/bleeping_computer/bleeping_computer/bleeping_computer/spiders/bleeping_threads.py", line 165, in parse_threads
    acd = int(dt_1)
ValueError: invalid literal for int() with base 10: ''
2019-01-08 10:43:27 [scrapy.core.engine] DEBUG: Crawled (200) <GET https://www.bleepingcomputer.com/forums/t/226996/how-do-i-download-win-7-rc/> (referer: https://www.bleepingcomputer.com/forums/index.php)
2019-01-08 10:43:27 [scrapy.core.engine] DEBUG: Crawled (200) <GET https://www.bleepingcomputer.com/forums/t/231489/bsod-0x0000007e-usbhubsys/> (referer: https://www.bleepingcomputer.com/forums/index.php)
2019-01-08 10:43:28 [scrapy.core.engine] DEBUG: Crawled (200) <GET https://www.bleepingcomputer.com/forums/t/229786/win7-bsod/> (referer: https://www.bleepingcomputer.com/forums/index.php)
2019-01-08 10:43:28 [scrapy.core.engine] DEBUG: Crawled (200) <GET https://www.bleepingcomputer.com/forums/t/231649/all-my-desktop-icons-have-someting-over-them/> (referer: https://www.bleepingcomputer.com/forums/index.php)
2019-01-08 10:43:28 [scrapy.core.engine] DEBUG: Crawled (200) <GET https://www.bleepingcomputer.com/forums/t/231540/windows-7-beta-installation-on-new-computer/> (referer: https://www.bleepingcomputer.com/forums/index.php)
2019-01-08 10:43:29 [scrapy.core.scraper] ERROR: Spider error processing <GET https://www.bleepingcomputer.com/forums/t/231540/windows-7-beta-installation-on-new-computer/> (referer: https://www.bleepingcomputer.com/forums/index.php)
Traceback (most recent call last):
  File "/usr/local/lib/python2.7/dist-packages/scrapy/utils/defer.py", line 102, in iter_errback
    yield next(it)
  File "/usr/local/lib/python2.7/dist-packages/scrapy/spidermiddlewares/offsite.py", line 30, in process_spider_output
    for x in result:
  File "/usr/local/lib/python2.7/dist-packages/scrapy/spidermiddlewares/referer.py", line 339, in <genexpr>
    return (_set_referer(r) for r in result or ())
  File "/usr/local/lib/python2.7/dist-packages/scrapy/spidermiddlewares/urllength.py", line 37, in <genexpr>
    return (r for r in result or () if _filter(r))
  File "/usr/local/lib/python2.7/dist-packages/scrapy/spidermiddlewares/depth.py", line 58, in <genexpr>
    return (r for r in result or () if _filter(r))
  File "/home/epictions/TLS/subproject_posts/Phase_01/bleeping_computer/bleeping_computer/bleeping_computer/spiders/bleeping_threads.py", line 165, in parse_threads
    acd = int(dt_1)
ValueError: invalid literal for int() with base 10: ''
2019-01-08 10:43:29 [scrapy.core.engine] DEBUG: Crawled (200) <GET https://www.bleepingcomputer.com/forums/t/231213/windows-7-release-date-announced/> (referer: https://www.bleepingcomputer.com/forums/index.php)
2019-01-08 10:43:29 [scrapy.core.engine] DEBUG: Crawled (200) <GET https://www.bleepingcomputer.com/forums/t/232456/home-network-with-windows-7/> (referer: https://www.bleepingcomputer.com/forums/index.php)
2019-01-08 10:43:29 [scrapy.core.engine] DEBUG: Crawled (200) <GET https://www.bleepingcomputer.com/forums/t/233000/upgrading-from-build-x-to-retail/> (referer: https://www.bleepingcomputer.com/forums/index.php)
2019-01-08 10:43:30 [scrapy.core.engine] DEBUG: Crawled (200) <GET https://www.bleepingcomputer.com/forums/t/233112/change-desktop-icons-from-button-style-to-xpwin9x-style/> (referer: https://www.bleepingcomputer.com/forums/index.php)
2019-01-08 10:43:30 [scrapy.core.engine] DEBUG: Crawled (200) <GET https://www.bleepingcomputer.com/forums/t/232705/remove-windows-7-from-boot-menu/> (referer: https://www.bleepingcomputer.com/forums/index.php)
2019-01-08 10:43:30 [scrapy.core.engine] DEBUG: Crawled (200) <GET https://www.bleepingcomputer.com/forums/t/228300/help-with-windows/> (referer: https://www.bleepingcomputer.com/forums/index.php)
