2019-05-02 21:17:15 [scrapy.utils.log] INFO: Scrapy 1.6.0 started (bot: hackforums)
2019-05-02 21:17:15 [scrapy.utils.log] INFO: Versions: lxml 3.5.0.0, libxml2 2.9.3, cssselect 0.9.1, parsel 1.5.1, w3lib 1.20.0, Twisted 16.0.0, Python 2.7.12 (default, Nov 12 2018, 14:36:49) - [GCC 5.4.0 20160609], pyOpenSSL 0.15.1 (OpenSSL 1.0.2g  1 Mar 2016), cryptography 1.2.3, Platform Linux-4.15.0-1035-azure-x86_64-with-Ubuntu-16.04-xenial
2019-05-02 21:17:15 [scrapy.crawler] INFO: Overridden settings: {'NEWSPIDER_MODULE': 'hackforums.spiders', 'CONCURRENT_REQUESTS_PER_DOMAIN': 1, 'SPIDER_MODULES': ['hackforums.spiders'], 'CONCURRENT_REQUESTS_PER_IP': 1, 'BOT_NAME': 'hackforums', 'RETRY_TIMES': 10, 'LOG_FILE': '/home/epictions/Phase_02/log_files/hackforums_author.log', 'DOWNLOAD_DELAY': 3, 'USER_AGENT': 'Mozilla/5.0 (Macintosh; Intel Mac OS X 10_10_5) AppleWebKit/537.36 (KHTML, like Gecko) Chrome/55.0.2883.95 Safari/537.36'}
2019-05-02 21:17:15 [scrapy.extensions.telnet] INFO: Telnet Password: 4bf1ce31d7eacf1a
2019-05-02 21:17:15 [scrapy.middleware] INFO: Enabled extensions:
['scrapy.extensions.memusage.MemoryUsage',
 'scrapy.extensions.logstats.LogStats',
 'scrapy.extensions.telnet.TelnetConsole',
 'scrapy.extensions.corestats.CoreStats']
2019-05-02 21:17:15 [scrapy.middleware] INFO: Enabled downloader middlewares:
['scrapy.downloadermiddlewares.httpauth.HttpAuthMiddleware',
 'scrapy.downloadermiddlewares.downloadtimeout.DownloadTimeoutMiddleware',
 'scrapy.downloadermiddlewares.defaultheaders.DefaultHeadersMiddleware',
 'scrapy.downloadermiddlewares.useragent.UserAgentMiddleware',
 'scrapy.downloadermiddlewares.retry.RetryMiddleware',
 'scrapy.downloadermiddlewares.redirect.MetaRefreshMiddleware',
 'scrapy.downloadermiddlewares.httpcompression.HttpCompressionMiddleware',
 'scrapy.downloadermiddlewares.redirect.RedirectMiddleware',
 'scrapy.downloadermiddlewares.cookies.CookiesMiddleware',
 'scrapy.downloadermiddlewares.httpproxy.HttpProxyMiddleware',
 'scrapy.downloadermiddlewares.stats.DownloaderStats']
2019-05-02 21:17:15 [scrapy.middleware] INFO: Enabled spider middlewares:
['scrapy.spidermiddlewares.httperror.HttpErrorMiddleware',
 'scrapy.spidermiddlewares.offsite.OffsiteMiddleware',
 'scrapy.spidermiddlewares.referer.RefererMiddleware',
 'scrapy.spidermiddlewares.urllength.UrlLengthMiddleware',
 'scrapy.spidermiddlewares.depth.DepthMiddleware']
2019-05-02 21:17:15 [scrapy.middleware] INFO: Enabled item pipelines:
[]
2019-05-02 21:17:15 [scrapy.core.engine] INFO: Spider opened
2019-05-02 21:17:15 [scrapy.extensions.logstats] INFO: Crawled 0 pages (at 0 pages/min), scraped 0 items (at 0 items/min)
2019-05-02 21:17:15 [scrapy.extensions.telnet] INFO: Telnet console listening on 127.0.0.1:6025
2019-05-02 21:17:15 [urllib3.connectionpool] DEBUG: Starting new HTTPS connection (1): hackforums.net:443
2019-05-02 21:17:15 [urllib3.connectionpool] DEBUG: https://hackforums.net:443 "POST /member.php?action=login HTTP/1.1" 503 None
2019-05-02 21:17:16 [root] ERROR: Error executing Cloudflare IUAM Javascript. Cloudflare may have changed their technique, or there may be a bug in the script.

Please read https://github.com/Anorov/cloudflare-scrape#updates, then file a bug report at https://github.com/Anorov/cloudflare-scrape/issues."
2019-05-02 21:17:16 [scrapy.core.engine] ERROR: Error while obtaining start requests
Traceback (most recent call last):
  File "/usr/local/lib/python2.7/dist-packages/scrapy/core/engine.py", line 127, in _next_request
    request = next(slot.start_requests)
  File "/home/epictions/Phase_02/hackforums/hackforums/spiders/hackforum_author.py", line 69, in start_requests
    r3 = scraper.post(login_url, data=data)
  File "/usr/local/lib/python2.7/dist-packages/requests/sessions.py", line 581, in post
    return self.request('POST', url, data=data, json=json, **kwargs)
  File "/usr/local/lib/python2.7/dist-packages/cfscrape/__init__.py", line 68, in request
    resp = self.solve_cf_challenge(resp, **kwargs)
  File "/usr/local/lib/python2.7/dist-packages/cfscrape/__init__.py", line 97, in solve_cf_challenge
    params["jschl_answer"] = self.solve_challenge(body, domain)
  File "/usr/local/lib/python2.7/dist-packages/cfscrape/__init__.py", line 138, in solve_challenge
    result = subprocess.check_output(["node", "-e", js]).strip()
  File "/usr/lib/python2.7/subprocess.py", line 574, in check_output
    raise CalledProcessError(retcode, cmd, output=output)
CalledProcessError: Command '['node', '-e', u'console.log(require(\'vm\').runInNewContext(\'var s,t,o,p,b,r,e,a,k,i,n,g,f, pNwmBlL={"S":+((!+[]+!![]+!![]+!![]+!![]+!![]+!![]+!![]+[])+(!+[]+!![]+!![]+!![]+!![])+(!+[]+!![]+!![]+!![]+!![]+!![]+!![]+!![])+(!+[]+!![]+!![]+!![]+!![])+(!+[]+!![]+!![]+!![]+!![]+!![]+!![]+!![]+!![])+(!+[]+!![]+!![]+!![]+!![]+!![]+!![]+!![]+!![])+(!+[]+!![]+!![]+!![]+!![])+(+[])+(!+[]+!![]+!![]))/+((!+[]+!![]+!![]+!![]+!![]+!![]+!![]+[])+(!+[]+!![]+!![])+(!+[]+!![]+!![])+(!+[]+!![]+!![]+!![]+!![]+!![])+(!+[]+!![]+!![]+!![]+!![]+!![]+!![]+!![]+!![])+(!+[]+!![])+(!+[]+!![]+!![]+!![]+!![]+!![])+(!+[]+!![]+!![]+!![]+!![]+!![]+!![]+!![])+(!+[]+!![]+!![]+!![]+!![]+!![]+!![]+!![]+!![]))};          s += "==".slice(2 - (s.length & 3));          var bm, r = "", r1, r2, i = 0;          for (; i < s.length;) {              bm = o.indexOf(s.charAt(i++)) << 18 | o.indexOf(s.charAt(i++)) << 12                      | (r1 = o.indexOf(s.charAt(i++))) << 6 | (r2 = o.indexOf(s.charAt(i++)));              r += r1 === 64 ? g(bm >> 16 & 255)                      : r2 === 64 ? g(bm >> 16 & 255, bm >> 8 & 255)                      : g(bm >> 16 & 255, bm >> 8 & 255, bm & 255);          }          return r;        };        ;pNwmBlL.S-=+((!+[]+!![]+!![]+!![]+!![]+!![]+!![]+!![]+[])+(!+[]+!![]+!![])+(!+[]+!![]+!![]+!![]+!![]+!![]+!![]+!![])+(+[])+(!+[]+!![]+!![]+!![])+(+!![])+(!+[]+!![]+!![]+!![]+!![]+!![])+(!+[]+!![]+!![]+!![])+(+!![]))/+((!+[]+!![]+!![]+!![]+!![]+!![]+!![]+[])+(!+[]+!![]+!![]+!![])+(!+[]+!![]+!![])+(+[])+(!+[]+!![]+!![]+!![]+!![])+(!+[]+!![]+!![]+!![]+!![]+!![]+!![]+!![])+(+[])+(!+[]+!![]+!![]+!![]+!![]+!![]+!![]+!![])+(!+[]+!![]+!![]+!![]+!![]+!![]));pNwmBlL.S+=+((!+[]+!![]+!![]+!![]+!![]+!![]+!![]+[])+(!+[]+!![]+!![]+!![]+!![]+!![]+!![]+!![]+!![])+(!+[]+!![]+!![]+!![]+!![]+!![]+!![])+(+[])+(+[])+(!+[]+!![]+!![])+(!+[]+!![]+!![]+!![])+(!+[]+!![]+!![])+(!+[]+!![]+!![]+!![]+!![]+!![]+!![]))/+((!+[]+!![]+!![]+!![]+!![]+!![]+!![]+[])+(!+[]+!![]+!![]+!![]+!![]+!![])+(!+[]+!![]+!![]+!![]+!![]+!![])+(!+[]+!![]+!![]+!![])+(!+[]+!![]+!![]+!![])+(!+[]+!![]+!![]+!![]+!![]+!![]+!![]+!![])+(!+[]+!![]+!![]+!![]+!![]+!![])+(+!![])+(+!![]));pNwmBlL.S+=+((!+[]+!![]+!![]+!![]+!![]+!![]+!![]+!![]+!![]+[])+(!+[]+!![]+!![]+!![])+(+!![])+(+[])+(!+[]+!![]+!![]+!![]+!![]+!![]+!![]+!![])+(!+[]+!![]+!![])+(!+[]+!![]+!![]+!![]+!![]+!![]+!![]+!![]+!![])+(!+[]+!![]+!![]+!![]+!![]+!![]+!![]+!![])+(+!![]))/+((!+[]+!![]+!![]+!![]+!![]+!![]+!![]+[])+(+!![])+(!+[]+!![]+!![]+!![]+!![])+(!+[]+!![]+!![]+!![]+!![])+(!+[]+!![]+!![]+!![])+(!+[]+!![]+!![]+!![]+!![])+(!+[]+!![]+!![]+!![]+!![]+!![]+!![])+(!+[]+!![]+!![]+!![])+(!+[]+!![]));pNwmBlL.S+=+((!+[]+!![]+!![]+!![]+!![]+!![]+!![]+!![]+[])+(!+[]+!![]+!![])+(!+[]+!![]+!![]+!![]+!![]+!![]+!![]+!![])+(+[])+(!+[]+!![]+!![]+!![])+(+!![])+(!+[]+!![]+!![]+!![]+!![]+!![])+(!+[]+!![]+!![]+!![])+(+!![]))/+((!+[]+!![]+!![]+!![]+!![]+!![]+!![]+!![]+!![]+[])+(!+[]+!![]+!![]+!![]+!![]+!![]+!![]+!![])+(!+[]+!![]+!![]+!![])+(!+[]+!![]+!![]+!![]+!![]+!![]+!![])+(!+[]+!![]+!![]+!![])+(+!![])+(+[])+(!+[]+!![]+!![]+!![])+(!+[]+!![]+!![]+!![]+!![]+!![]+!![]+!![]+!![]));pNwmBlL.S-=+((!+[]+!![]+!![]+!![]+!![]+!![]+!![]+!![]+[])+(!+[]+!![]+!![]+!![]+!![])+(!+[]+!![]+!![]+!![]+!![]+!![]+!![]+!![])+(!+[]+!![]+!![]+!![]+!![])+(!+[]+!![]+!![]+!![]+!![]+!![]+!![]+!![]+!![])+(!+[]+!![]+!![]+!![]+!![]+!![]+!![]+!![]+!![])+(!+[]+!![]+!![]+!![]+!![])+(+[])+(!+[]+!![]+!![]))/+((!+[]+!![]+!![]+!![]+!![]+!![]+[])+(+[])+(!+[]+!![])+(!+[]+!![]+!![]+!![]+!![]+!![])+(!+[]+!![]+!![])+(!+[]+!![]+!![])+(+!![])+(!+[]+!![]+!![]+!![]+!![]+!![])+(!+[]+!![]+!![]+!![]));pNwmBlL.S+=+((!+[]+!![]+!![]+!![]+!![]+!![]+!![]+!![]+!![]+[])+(!+[]+!![]+!![]+!![])+(+!![])+(+[])+(!+[]+!![]+!![]+!![]+!![]+!![]+!![]+!![])+(!+[]+!![]+!![])+(!+[]+!![]+!![]+!![]+!![]+!![]+!![]+!![]+!![])+(!+[]+!![]+!![]+!![]+!![]+!![]+!![]+!![])+(+!![]))/+((!+[]+!![]+[])+(!+[]+!![]+!![]+!![]+!![]+!![]+!![])+(!+[]+!![])+(!+[]+!![]+!![]+!![]+!![]+!![]+!![])+(+[])+(!+[]+!![]+!![]+!![]+!![]+!![])+(+!![])+(!+[]+!![])+(!+[]+!![]+!![]+!![]+!![]+!![]+!![]));pNwmBlL.S+=+((!+[]+!![]+!![]+!![]+!![]+!![]+!![]+!![]+[])+(!+[]+!![]+!![]+!![]+!![])+(!+[]+!![]+!![]+!![]+!![]+!![]+!![]+!![])+(!+[]+!![]+!![]+!![]+!![])+(!+[]+!![]+!![]+!![]+!![]+!![]+!![]+!![]+!![])+(!+[]+!![]+!![]+!![]+!![]+!![]+!![]+!![]+!![])+(!+[]+!![]+!![]+!![]+!![])+(+[])+(!+[]+!![]+!![]))/+((!+[]+!![]+!![]+[])+(!+[]+!![])+(!+[]+!![]+!![]+!![]+!![]+!![]+!![]+!![]+!![])+(+!![])+(!+[]+!![])+(!+[]+!![]+!![]+!![]+!![]+!![])+(+[])+(!+[]+!![]+!![]+!![]+!![])+(!+[]+!![]+!![]+!![]+!![]));pNwmBlL.S+=+((!+[]+!![]+!![]+!![]+!![]+!![]+!![]+!![]+[])+(!+[]+!![]+!![])+(!+[]+!![]+!![]+!![]+!![]+!![]+!![]+!![])+(+[])+(!+[]+!![]+!![]+!![])+(+!![])+(!+[]+!![]+!![]+!![]+!![]+!![])+(!+[]+!![]+!![]+!![])+(+!![]))/+((!+[]+!![]+!![]+!![]+!![]+!![]+[])+(!+[]+!![])+(!+[]+!![]+!![]+!![]+!![])+(!+[]+!![]+!![]+!![]+!![]+!![]+!![]+!![]+!![])+(!+[]+!![]+!![]+!![]+!![]+!![]+!![])+(!+[]+!![]+!![]+!![]+!![]+!![]+!![]+!![])+(!+[]+!![]+!![]+!![]+!![]+!![]+!![]+!![]+!![])+(!+[]+!![]+!![]+!![]+!![]+!![]+!![])+(+[]));(+pNwmBlL.S + 14).toFixed(10)\', Object.create(null), {timeout: 5000}));']' returned non-zero exit status 1
2019-05-02 21:17:16 [scrapy.core.engine] INFO: Closing spider (finished)
2019-05-02 21:17:16 [scrapy.statscollectors] INFO: Dumping Scrapy stats:
{'finish_reason': 'finished',
 'finish_time': datetime.datetime(2019, 5, 2, 21, 17, 16, 6573),
 'log_count/DEBUG': 2,
 'log_count/ERROR': 2,
 'log_count/INFO': 9,
 'memusage/max': 53293056,
 'memusage/startup': 53293056,
 'start_time': datetime.datetime(2019, 5, 2, 21, 17, 15, 750238)}
2019-05-02 21:17:16 [scrapy.core.engine] INFO: Spider closed (finished)
2019-05-02 21:17:16 [scrapy.utils.log] INFO: Scrapy 1.6.0 started (bot: hackforums)
2019-05-02 21:17:16 [scrapy.utils.log] INFO: Versions: lxml 3.5.0.0, libxml2 2.9.3, cssselect 0.9.1, parsel 1.5.1, w3lib 1.20.0, Twisted 16.0.0, Python 2.7.12 (default, Nov 12 2018, 14:36:49) - [GCC 5.4.0 20160609], pyOpenSSL 0.15.1 (OpenSSL 1.0.2g  1 Mar 2016), cryptography 1.2.3, Platform Linux-4.15.0-1035-azure-x86_64-with-Ubuntu-16.04-xenial
2019-05-02 21:17:16 [scrapy.crawler] INFO: Overridden settings: {'NEWSPIDER_MODULE': 'hackforums.spiders', 'CONCURRENT_REQUESTS_PER_DOMAIN': 1, 'SPIDER_MODULES': ['hackforums.spiders'], 'CONCURRENT_REQUESTS_PER_IP': 1, 'BOT_NAME': 'hackforums', 'RETRY_TIMES': 10, 'LOG_FILE': '/home/epictions/Phase_02/log_files/hackforums_author.log', 'DOWNLOAD_DELAY': 3, 'USER_AGENT': 'Mozilla/5.0 (Macintosh; Intel Mac OS X 10_10_5) AppleWebKit/537.36 (KHTML, like Gecko) Chrome/55.0.2883.95 Safari/537.36'}
2019-05-02 21:17:16 [scrapy.extensions.telnet] INFO: Telnet Password: 3b8c10a1c8d02d25
2019-05-02 21:17:16 [scrapy.middleware] INFO: Enabled extensions:
['scrapy.extensions.memusage.MemoryUsage',
 'scrapy.extensions.logstats.LogStats',
 'scrapy.extensions.telnet.TelnetConsole',
 'scrapy.extensions.corestats.CoreStats']
2019-05-02 21:17:16 [scrapy.middleware] INFO: Enabled downloader middlewares:
['scrapy.downloadermiddlewares.httpauth.HttpAuthMiddleware',
 'scrapy.downloadermiddlewares.downloadtimeout.DownloadTimeoutMiddleware',
 'scrapy.downloadermiddlewares.defaultheaders.DefaultHeadersMiddleware',
 'scrapy.downloadermiddlewares.useragent.UserAgentMiddleware',
 'scrapy.downloadermiddlewares.retry.RetryMiddleware',
 'scrapy.downloadermiddlewares.redirect.MetaRefreshMiddleware',
 'scrapy.downloadermiddlewares.httpcompression.HttpCompressionMiddleware',
 'scrapy.downloadermiddlewares.redirect.RedirectMiddleware',
 'scrapy.downloadermiddlewares.cookies.CookiesMiddleware',
 'scrapy.downloadermiddlewares.httpproxy.HttpProxyMiddleware',
 'scrapy.downloadermiddlewares.stats.DownloaderStats']
2019-05-02 21:17:16 [scrapy.middleware] INFO: Enabled spider middlewares:
['scrapy.spidermiddlewares.httperror.HttpErrorMiddleware',
 'scrapy.spidermiddlewares.offsite.OffsiteMiddleware',
 'scrapy.spidermiddlewares.referer.RefererMiddleware',
 'scrapy.spidermiddlewares.urllength.UrlLengthMiddleware',
 'scrapy.spidermiddlewares.depth.DepthMiddleware']
2019-05-02 21:17:16 [scrapy.middleware] INFO: Enabled item pipelines:
[]
2019-05-02 21:17:16 [scrapy.core.engine] INFO: Spider opened
2019-05-02 21:17:16 [scrapy.extensions.logstats] INFO: Crawled 0 pages (at 0 pages/min), scraped 0 items (at 0 items/min)
2019-05-02 21:17:16 [scrapy.extensions.telnet] INFO: Telnet console listening on 127.0.0.1:6025
2019-05-02 21:17:16 [urllib3.connectionpool] DEBUG: Starting new HTTPS connection (1): hackforums.net:443
2019-05-02 21:17:16 [urllib3.connectionpool] DEBUG: https://hackforums.net:443 "POST /member.php?action=login HTTP/1.1" 503 None
2019-05-02 21:17:16 [root] ERROR: Error executing Cloudflare IUAM Javascript. Cloudflare may have changed their technique, or there may be a bug in the script.

Please read https://github.com/Anorov/cloudflare-scrape#updates, then file a bug report at https://github.com/Anorov/cloudflare-scrape/issues."
2019-05-02 21:17:16 [scrapy.core.engine] ERROR: Error while obtaining start requests
Traceback (most recent call last):
  File "/usr/local/lib/python2.7/dist-packages/scrapy/core/engine.py", line 127, in _next_request
    request = next(slot.start_requests)
  File "/home/epictions/Phase_02/hackforums/hackforums/spiders/hackforum_author.py", line 69, in start_requests
    r3 = scraper.post(login_url, data=data)
  File "/usr/local/lib/python2.7/dist-packages/requests/sessions.py", line 581, in post
    return self.request('POST', url, data=data, json=json, **kwargs)
  File "/usr/local/lib/python2.7/dist-packages/cfscrape/__init__.py", line 68, in request
    resp = self.solve_cf_challenge(resp, **kwargs)
  File "/usr/local/lib/python2.7/dist-packages/cfscrape/__init__.py", line 97, in solve_cf_challenge
    params["jschl_answer"] = self.solve_challenge(body, domain)
  File "/usr/local/lib/python2.7/dist-packages/cfscrape/__init__.py", line 138, in solve_challenge
    result = subprocess.check_output(["node", "-e", js]).strip()
  File "/usr/lib/python2.7/subprocess.py", line 574, in check_output
    raise CalledProcessError(retcode, cmd, output=output)
CalledProcessError: Command '['node', '-e', u'console.log(require(\'vm\').runInNewContext(\'var s,t,o,p,b,r,e,a,k,i,n,g,f, jnJJowz={"qXUKCqUV":+((!+[]+!![]+!![]+!![]+!![]+!![]+!![]+!![]+[])+(!+[]+!![]+!![])+(!+[]+!![]+!![]+!![]+!![]+!![]+!![]+!![])+(+[])+(!+[]+!![]+!![]+!![])+(+!![])+(!+[]+!![]+!![]+!![]+!![]+!![])+(!+[]+!![]+!![]+!![])+(!+[]+!![]+!![]+!![]+!![]+!![]+!![]))/+((!+[]+!![]+!![]+!![]+[])+(+[])+(!+[]+!![]+!![]+!![]+!![])+(!+[]+!![]+!![]+!![]+!![]+!![]+!![]+!![])+(!+[]+!![]+!![]+!![]+!![]+!![]+!![])+(!+[]+!![]+!![]+!![]+!![]+!![]+!![])+(!+[]+!![]+!![]+!![])+(!+[]+!![])+(!+[]+!![]+!![]+!![]+!![]+!![]+!![]))};          s += "==".slice(2 - (s.length & 3));          var bm, r = "", r1, r2, i = 0;          for (; i < s.length;) {              bm = o.indexOf(s.charAt(i++)) << 18 | o.indexOf(s.charAt(i++)) << 12                      | (r1 = o.indexOf(s.charAt(i++))) << 6 | (r2 = o.indexOf(s.charAt(i++)));              r += r1 === 64 ? g(bm >> 16 & 255)                      : r2 === 64 ? g(bm >> 16 & 255, bm >> 8 & 255)                      : g(bm >> 16 & 255, bm >> 8 & 255, bm & 255);          }          return r;        };        ;jnJJowz.qXUKCqUV*=+((!+[]+!![]+!![]+!![]+!![]+!![]+!![]+[])+(!+[]+!![]+!![]+!![]+!![]+!![]+!![]+!![]+!![])+(!+[]+!![]+!![]+!![]+!![]+!![]+!![])+(+[])+(+[])+(!+[]+!![]+!![])+(!+[]+!![]+!![]+!![])+(!+[]+!![]+!![])+(!+[]+!![]+!![]+!![]+!![]+!![]+!![]))/+((!+[]+!![]+!![]+!![]+!![]+[])+(!+[]+!![]+!![]+!![]+!![]+!![]+!![])+(+[])+(!+[]+!![]+!![]+!![])+(!+[]+!![]+!![]+!![])+(!+[]+!![]+!![]+!![])+(!+[]+!![]+!![]+!![])+(!+[]+!![]+!![]+!![]+!![]+!![])+(!+[]+!![]+!![]+!![]+!![]+!![]));jnJJowz.qXUKCqUV*=+((!+[]+!![]+!![]+!![]+!![]+!![]+!![]+!![]+[])+(!+[]+!![]+!![])+(!+[]+!![]+!![]+!![]+!![]+!![]+!![]+!![])+(+[])+(!+[]+!![]+!![]+!![])+(+!![])+(!+[]+!![]+!![]+!![]+!![]+!![])+(!+[]+!![]+!![]+!![])+(+!![]))/+((!+[]+!![]+[])+(!+[]+!![])+(!+[]+!![])+(!+[]+!![]+!![]+!![]+!![]+!![]+!![]+!![]+!![])+(!+[]+!![]+!![])+(!+[]+!![]+!![]+!![]+!![]+!![]+!![]+!![]+!![])+(!+[]+!![]+!![]+!![]+!![]+!![])+(!+[]+!![])+(!+[]+!![]));jnJJowz.qXUKCqUV-=+((!+[]+!![]+!![]+!![]+!![]+!![]+!![]+!![]+!![]+[])+(!+[]+!![])+(+[])+(!+[]+!![]+!![]+!![])+(+!![])+(!+[]+!![]+!![]+!![]+!![]+!![]+!![]+!![]+!![])+(!+[]+!![]+!![]+!![]+!![]+!![]+!![]+!![])+(!+[]+!![])+(!+[]+!![]+!![]))/+((!+[]+!![]+!![]+!![]+!![]+!![]+[])+(!+[]+!![]+!![]+!![]+!![]+!![])+(!+[]+!![]+!![]+!![]+!![]+!![]+!![])+(!+[]+!![]+!![]+!![]+!![]+!![])+(!+[]+!![]+!![])+(+!![])+(!+[]+!![]+!![]+!![]+!![]+!![]+!![]+!![]+!![])+(!+[]+!![])+(!+[]+!![]));jnJJowz.qXUKCqUV-=+((!+[]+!![]+!![]+!![]+!![]+!![]+!![]+!![]+[])+(!+[]+!![]+!![])+(!+[]+!![]+!![]+!![]+!![]+!![]+!![]+!![])+(+[])+(!+[]+!![]+!![]+!![])+(+!![])+(!+[]+!![]+!![]+!![]+!![]+!![])+(!+[]+!![]+!![]+!![])+(+!![]))/+((!+[]+!![]+!![]+!![]+!![]+!![]+!![]+[])+(!+[]+!![]+!![]+!![])+(!+[]+!![])+(+[])+(!+[]+!![]+!![]+!![]+!![]+!![]+!![])+(!+[]+!![]+!![])+(!+[]+!![]+!![]+!![]+!![]+!![]+!![]+!![]+!![])+(!+[]+!![]+!![]+!![]+!![]+!![])+(!+[]+!![]));jnJJowz.qXUKCqUV*=+((!+[]+!![]+!![]+!![]+!![]+!![]+!![]+!![]+!![]+[])+(!+[]+!![])+(+[])+(!+[]+!![]+!![]+!![])+(+!![])+(!+[]+!![]+!![]+!![]+!![]+!![]+!![]+!![]+!![])+(!+[]+!![]+!![]+!![]+!![]+!![]+!![]+!![])+(!+[]+!![])+(!+[]+!![]+!![]))/+((!+[]+!![]+!![]+!![]+!![]+!![]+!![]+!![]+!![]+[])+(!+[]+!![]+!![]+!![]+!![]+!![]+!![])+(+[])+(!+[]+!![]+!![]+!![])+(!+[]+!![]+!![]+!![])+(+!![])+(!+[]+!![]+!![]+!![]+!![]+!![]+!![])+(!+[]+!![]+!![]+!![]+!![]+!![]+!![])+(!+[]+!![]+!![]+!![]+!![]+!![]+!![]));jnJJowz.qXUKCqUV*=+((!+[]+!![]+!![]+!![]+!![]+!![]+!![]+!![]+[])+(!+[]+!![]+!![])+(!+[]+!![]+!![]+!![]+!![]+!![]+!![]+!![])+(+[])+(!+[]+!![]+!![]+!![])+(+!![])+(!+[]+!![]+!![]+!![]+!![]+!![])+(!+[]+!![]+!![]+!![])+(+!![]))/+((!+[]+!![]+[])+(!+[]+!![]+!![]+!![]+!![]+!![]+!![]+!![])+(!+[]+!![]+!![]+!![]+!![]+!![]+!![])+(!+[]+!![]+!![]+!![]+!![]+!![]+!![]+!![]+!![])+(+[])+(+[])+(!+[]+!![]+!![]+!![]+!![]+!![]+!![]+!![]+!![])+(!+[]+!![]+!![]+!![])+(!+[]+!![]+!![]+!![]+!![]));jnJJowz.qXUKCqUV+=+((!+[]+!![]+!![]+!![]+!![]+!![]+!![]+!![]+!![]+[])+(!+[]+!![])+(+[])+(!+[]+!![]+!![]+!![])+(+!![])+(!+[]+!![]+!![]+!![]+!![]+!![]+!![]+!![]+!![])+(!+[]+!![]+!![]+!![]+!![]+!![]+!![]+!![])+(!+[]+!![])+(!+[]+!![]+!![]))/+((!+[]+!![]+!![]+!![]+!![]+!![]+[])+(!+[]+!![]+!![]+!![]+!![]+!![])+(!+[]+!![]+!![]+!![]+!![]+!![]+!![]+!![])+(+!![])+(!+[]+!![]+!![])+(!+[]+!![]+!![]+!![]+!![])+(+!![])+(!+[]+!![]+!![]+!![]+!![]+!![])+(+[]));jnJJowz.qXUKCqUV*=+((!+[]+!![]+!![]+!![]+!![]+!![]+!![]+[])+(!+[]+!![]+!![]+!![]+!![]+!![]+!![]+!![]+!![])+(!+[]+!![]+!![]+!![]+!![]+!![]+!![])+(+[])+(+[])+(!+[]+!![]+!![])+(!+[]+!![]+!![]+!![])+(!+[]+!![]+!![])+(!+[]+!![]+!![]+!![]+!![]+!![]+!![]))/+((!+[]+!![]+!![]+!![]+[])+(!+[]+!![]+!![]+!![]+!![])+(!+[]+!![]+!![]+!![]+!![]+!![]+!![]+!![])+(!+[]+!![]+!![]+!![]+!![]+!![]+!![]+!![]+!![])+(!+[]+!![])+(!+[]+!![]+!![]+!![]+!![]+!![]+!![])+(!+[]+!![]+!![]+!![]+!![]+!![]+!![]+!![])+(+[])+(!+[]+!![]+!![]+!![]+!![]+!![]+!![]+!![]+!![]));jnJJowz.qXUKCqUV-=+((!+[]+!![]+!![]+!![]+!![]+!![]+!![]+!![]+[])+(+!![])+(!+[]+!![]+!![]+!![]+!![]+!![]+!![])+(!+[]+!![]+!![]+!![]+!![])+(+[])+(!+[]+!![]+!![]+!![])+(!+[]+!![])+(!+[]+!![]+!![]+!![])+(!+[]+!![]+!![]))/+((!+[]+!![]+!![]+!![]+[])+(+!![])+(!+[]+!![]+!![]+!![]+!![]+!![]+!![])+(!+[]+!![]+!![]+!![])+(!+[]+!![]+!![]+!![]+!![]+!![]+!![]+!![])+(!+[]+!![]+!![]+!![]+!![]+!![]+!![]+!![])+(!+[]+!![]+!![]+!![]+!![]+!![]+!![])+(!+[]+!![])+(!+[]+!![]+!![]+!![]+!![]+!![]+!![]+!![]));jnJJowz.qXUKCqUV*=+((!+[]+!![]+!![]+!![]+!![]+!![]+!![]+!![]+[])+(+!![])+(!+[]+!![]+!![]+!![]+!![]+!![]+!![])+(!+[]+!![]+!![]+!![]+!![])+(+[])+(!+[]+!![]+!![]+!![])+(!+[]+!![])+(!+[]+!![]+!![]+!![]+!![])+(!+[]+!![]+!![]))/+((!+[]+!![]+!![]+!![]+!![]+!![]+!![]+!![]+!![]+[])+(!+[]+!![]+!![]+!![]+!![]+!![]+!![])+(!+[]+!![])+(!+[]+!![]+!![]+!![]+!![])+(+!![])+(+!![])+(!+[]+!![])+(!+[]+!![]+!![]+!![]+!![]+!![]+!![]+!![]+!![])+(+[]));(+jnJJowz.qXUKCqUV + 14).toFixed(10)\', Object.create(null), {timeout: 5000}));']' returned non-zero exit status 1
2019-05-02 21:17:16 [scrapy.core.engine] INFO: Closing spider (finished)
2019-05-02 21:17:16 [scrapy.statscollectors] INFO: Dumping Scrapy stats:
{'finish_reason': 'finished',
 'finish_time': datetime.datetime(2019, 5, 2, 21, 17, 16, 556699),
 'log_count/DEBUG': 2,
 'log_count/ERROR': 2,
 'log_count/INFO': 9,
 'memusage/max': 53301248,
 'memusage/startup': 53301248,
 'start_time': datetime.datetime(2019, 5, 2, 21, 17, 16, 449394)}
2019-05-02 21:17:16 [scrapy.core.engine] INFO: Spider closed (finished)
2019-05-02 21:17:16 [scrapy.utils.log] INFO: Scrapy 1.6.0 started (bot: hackforums)
2019-05-02 21:17:16 [scrapy.utils.log] INFO: Versions: lxml 3.5.0.0, libxml2 2.9.3, cssselect 0.9.1, parsel 1.5.1, w3lib 1.20.0, Twisted 16.0.0, Python 2.7.12 (default, Nov 12 2018, 14:36:49) - [GCC 5.4.0 20160609], pyOpenSSL 0.15.1 (OpenSSL 1.0.2g  1 Mar 2016), cryptography 1.2.3, Platform Linux-4.15.0-1035-azure-x86_64-with-Ubuntu-16.04-xenial
2019-05-02 21:17:16 [scrapy.crawler] INFO: Overridden settings: {'NEWSPIDER_MODULE': 'hackforums.spiders', 'CONCURRENT_REQUESTS_PER_DOMAIN': 1, 'SPIDER_MODULES': ['hackforums.spiders'], 'CONCURRENT_REQUESTS_PER_IP': 1, 'BOT_NAME': 'hackforums', 'RETRY_TIMES': 10, 'LOG_FILE': '/home/epictions/Phase_02/log_files/hackforums_author.log', 'DOWNLOAD_DELAY': 3, 'USER_AGENT': 'Mozilla/5.0 (Macintosh; Intel Mac OS X 10_10_5) AppleWebKit/537.36 (KHTML, like Gecko) Chrome/55.0.2883.95 Safari/537.36'}
2019-05-02 21:17:17 [scrapy.extensions.telnet] INFO: Telnet Password: 644f0f2dc0ae3a77
2019-05-02 21:17:17 [scrapy.middleware] INFO: Enabled extensions:
['scrapy.extensions.memusage.MemoryUsage',
 'scrapy.extensions.logstats.LogStats',
 'scrapy.extensions.telnet.TelnetConsole',
 'scrapy.extensions.corestats.CoreStats']
2019-05-02 21:17:17 [scrapy.middleware] INFO: Enabled downloader middlewares:
['scrapy.downloadermiddlewares.httpauth.HttpAuthMiddleware',
 'scrapy.downloadermiddlewares.downloadtimeout.DownloadTimeoutMiddleware',
 'scrapy.downloadermiddlewares.defaultheaders.DefaultHeadersMiddleware',
 'scrapy.downloadermiddlewares.useragent.UserAgentMiddleware',
 'scrapy.downloadermiddlewares.retry.RetryMiddleware',
 'scrapy.downloadermiddlewares.redirect.MetaRefreshMiddleware',
 'scrapy.downloadermiddlewares.httpcompression.HttpCompressionMiddleware',
 'scrapy.downloadermiddlewares.redirect.RedirectMiddleware',
 'scrapy.downloadermiddlewares.cookies.CookiesMiddleware',
 'scrapy.downloadermiddlewares.httpproxy.HttpProxyMiddleware',
 'scrapy.downloadermiddlewares.stats.DownloaderStats']
2019-05-02 21:17:17 [scrapy.middleware] INFO: Enabled spider middlewares:
['scrapy.spidermiddlewares.httperror.HttpErrorMiddleware',
 'scrapy.spidermiddlewares.offsite.OffsiteMiddleware',
 'scrapy.spidermiddlewares.referer.RefererMiddleware',
 'scrapy.spidermiddlewares.urllength.UrlLengthMiddleware',
 'scrapy.spidermiddlewares.depth.DepthMiddleware']
2019-05-02 21:17:17 [scrapy.middleware] INFO: Enabled item pipelines:
[]
2019-05-02 21:17:17 [scrapy.core.engine] INFO: Spider opened
2019-05-02 21:17:17 [scrapy.extensions.logstats] INFO: Crawled 0 pages (at 0 pages/min), scraped 0 items (at 0 items/min)
2019-05-02 21:17:17 [scrapy.extensions.telnet] INFO: Telnet console listening on 127.0.0.1:6025
2019-05-02 21:17:17 [urllib3.connectionpool] DEBUG: Starting new HTTPS connection (1): hackforums.net:443
2019-05-02 21:17:17 [urllib3.connectionpool] DEBUG: https://hackforums.net:443 "POST /member.php?action=login HTTP/1.1" 503 None
2019-05-02 21:17:17 [root] ERROR: Error executing Cloudflare IUAM Javascript. Cloudflare may have changed their technique, or there may be a bug in the script.

Please read https://github.com/Anorov/cloudflare-scrape#updates, then file a bug report at https://github.com/Anorov/cloudflare-scrape/issues."
2019-05-02 21:17:17 [scrapy.core.engine] ERROR: Error while obtaining start requests
Traceback (most recent call last):
  File "/usr/local/lib/python2.7/dist-packages/scrapy/core/engine.py", line 127, in _next_request
    request = next(slot.start_requests)
  File "/home/epictions/Phase_02/hackforums/hackforums/spiders/hackforum_author.py", line 69, in start_requests
    r3 = scraper.post(login_url, data=data)
  File "/usr/local/lib/python2.7/dist-packages/requests/sessions.py", line 581, in post
    return self.request('POST', url, data=data, json=json, **kwargs)
  File "/usr/local/lib/python2.7/dist-packages/cfscrape/__init__.py", line 68, in request
    resp = self.solve_cf_challenge(resp, **kwargs)
  File "/usr/local/lib/python2.7/dist-packages/cfscrape/__init__.py", line 97, in solve_cf_challenge
    params["jschl_answer"] = self.solve_challenge(body, domain)
  File "/usr/local/lib/python2.7/dist-packages/cfscrape/__init__.py", line 138, in solve_challenge
    result = subprocess.check_output(["node", "-e", js]).strip()
  File "/usr/lib/python2.7/subprocess.py", line 574, in check_output
    raise CalledProcessError(retcode, cmd, output=output)
CalledProcessError: Command '['node', '-e', u'console.log(require(\'vm\').runInNewContext(\'var s,t,o,p,b,r,e,a,k,i,n,g,f, UuYUKzP={"ZGfOKgr":+((!+[]+!![]+!![]+!![]+!![]+!![]+!![]+!![]+[])+(+!![])+(!+[]+!![]+!![]+!![]+!![]+!![]+!![])+(!+[]+!![]+!![]+!![]+!![])+(+[])+(!+[]+!![]+!![]+!![])+(!+[]+!![])+(!+[]+!![]+!![]+!![]+!![])+(!+[]+!![]+!![]))/+((!+[]+!![]+[])+(+!![])+(!+[]+!![]+!![]+!![]+!![])+(!+[]+!![]+!![]+!![]+!![]+!![]+!![]+!![]+!![])+(!+[]+!![]+!![]+!![])+(!+[]+!![]+!![]+!![]+!![]+!![]+!![])+(!+[]+!![]+!![]+!![]+!![]+!![]+!![]+!![])+(!+[]+!![]+!![])+(!+[]+!![]+!![]+!![]))};          s += "==".slice(2 - (s.length & 3));          var bm, r = "", r1, r2, i = 0;          for (; i < s.length;) {              bm = o.indexOf(s.charAt(i++)) << 18 | o.indexOf(s.charAt(i++)) << 12                      | (r1 = o.indexOf(s.charAt(i++))) << 6 | (r2 = o.indexOf(s.charAt(i++)));              r += r1 === 64 ? g(bm >> 16 & 255)                      : r2 === 64 ? g(bm >> 16 & 255, bm >> 8 & 255)                      : g(bm >> 16 & 255, bm >> 8 & 255, bm & 255);          }          return r;        };        ;UuYUKzP.ZGfOKgr+=+((!+[]+!![]+!![]+!![]+!![]+!![]+!![]+!![]+!![]+[])+(!+[]+!![]+!![]+!![])+(+!![])+(+[])+(!+[]+!![]+!![]+!![]+!![]+!![]+!![]+!![])+(!+[]+!![]+!![])+(!+[]+!![]+!![]+!![]+!![]+!![]+!![]+!![]+!![])+(!+[]+!![]+!![]+!![]+!![]+!![]+!![]+!![])+(+!![]))/+((!+[]+!![]+!![]+[])+(!+[]+!![]+!![])+(!+[]+!![]+!![])+(+[])+(+[])+(!+[]+!![]+!![]+!![]+!![]+!![]+!![]+!![])+(!+[]+!![]+!![]+!![]+!![]+!![]+!![]+!![])+(+!![])+(!+[]+!![]+!![]+!![]+!![]+!![]));UuYUKzP.ZGfOKgr*=+((!+[]+!![]+!![]+!![]+!![]+!![]+!![]+!![]+[])+(!+[]+!![]+!![])+(!+[]+!![]+!![]+!![]+!![]+!![]+!![]+!![])+(+[])+(!+[]+!![]+!![]+!![])+(+!![])+(!+[]+!![]+!![]+!![]+!![]+!![])+(!+[]+!![]+!![]+!![])+(+!![]))/+((!+[]+!![]+[])+(!+[]+!![]+!![]+!![])+(!+[]+!![]+!![]+!![])+(!+[]+!![])+(!+[]+!![]+!![]+!![]+!![])+(!+[]+!![]+!![]+!![]+!![])+(+!![])+(!+[]+!![]+!![]+!![]+!![]+!![]+!![])+(!+[]+!![]+!![]+!![]+!![]+!![]+!![]+!![]+!![]));UuYUKzP.ZGfOKgr+=+((!+[]+!![]+!![]+!![]+!![]+!![]+!![]+!![]+!![]+[])+(!+[]+!![]+!![]+!![])+(+!![])+(+[])+(!+[]+!![]+!![]+!![]+!![]+!![]+!![]+!![])+(!+[]+!![]+!![])+(!+[]+!![]+!![]+!![]+!![]+!![]+!![]+!![]+!![])+(!+[]+!![]+!![]+!![]+!![]+!![]+!![]+!![])+(+!![]))/+((!+[]+!![]+!![]+[])+(!+[]+!![]+!![]+!![]+!![]+!![]+!![]+!![]+!![])+(!+[]+!![]+!![]+!![])+(!+[]+!![]+!![]+!![]+!![]+!![]+!![]+!![])+(!+[]+!![]+!![]+!![]+!![]+!![])+(!+[]+!![])+(!+[]+!![]+!![]+!![]+!![])+(!+[]+!![]+!![]+!![]+!![]+!![]+!![])+(+[]));UuYUKzP.ZGfOKgr-=+((!+[]+!![]+!![]+!![]+!![]+!![]+!![]+!![]+!![]+[])+(!+[]+!![]+!![]+!![])+(+!![])+(+[])+(!+[]+!![]+!![]+!![]+!![]+!![]+!![]+!![])+(!+[]+!![]+!![])+(!+[]+!![]+!![]+!![]+!![]+!![]+!![]+!![]+!![])+(!+[]+!![]+!![]+!![]+!![]+!![]+!![]+!![])+(+!![]))/+((!+[]+!![]+!![]+[])+(!+[]+!![])+(!+[]+!![])+(!+[]+!![]+!![]+!![]+!![]+!![]+!![])+(!+[]+!![]+!![]+!![])+(!+[]+!![])+(+!![])+(+!![])+(!+[]+!![]+!![]+!![]+!![]+!![]+!![]+!![]));UuYUKzP.ZGfOKgr+=+((!+[]+!![]+!![]+!![]+!![]+!![]+!![]+!![]+!![]+[])+(!+[]+!![]+!![]+!![])+(+!![])+(+[])+(!+[]+!![]+!![]+!![]+!![]+!![]+!![]+!![])+(!+[]+!![]+!![])+(!+[]+!![]+!![]+!![]+!![]+!![]+!![]+!![]+!![])+(!+[]+!![]+!![]+!![]+!![]+!![]+!![]+!![])+(+!![]))/+((!+[]+!![]+!![]+!![]+!![]+!![]+!![]+[])+(!+[]+!![]+!![]+!![]+!![]+!![]+!![]+!![]+!![])+(!+[]+!![]+!![]+!![])+(!+[]+!![]+!![])+(!+[]+!![]+!![]+!![]+!![]+!![]+!![]+!![]+!![])+(!+[]+!![]+!![]+!![]+!![]+!![]+!![])+(+!![])+(+[])+(!+[]+!![]+!![]+!![]+!![]+!![]+!![]));UuYUKzP.ZGfOKgr+=+((!+[]+!![]+!![]+!![]+!![]+!![]+!![]+!![]+!![]+[])+(!+[]+!![]+!![]+!![])+(+!![])+(+[])+(!+[]+!![]+!![]+!![]+!![]+!![]+!![]+!![])+(!+[]+!![]+!![])+(!+[]+!![]+!![]+!![]+!![]+!![]+!![]+!![]+!![])+(!+[]+!![]+!![]+!![]+!![]+!![]+!![]+!![])+(+!![]))/+((!+[]+!![]+!![]+!![]+!![]+!![]+!![]+!![]+[])+(!+[]+!![]+!![]+!![]+!![])+(!+[]+!![]+!![]+!![]+!![]+!![]+!![])+(!+[]+!![]+!![]+!![]+!![])+(!+[]+!![]+!![]+!![]+!![]+!![]+!![])+(!+[]+!![]+!![]+!![]+!![]+!![]+!![])+(!+[]+!![]+!![])+(!+[]+!![])+(!+[]+!![]+!![]+!![]+!![]+!![]+!![]+!![]+!![]));(+UuYUKzP.ZGfOKgr + 14).toFixed(10)\', Object.create(null), {timeout: 5000}));']' returned non-zero exit status 1
2019-05-02 21:17:17 [scrapy.core.engine] INFO: Closing spider (finished)
2019-05-02 21:17:17 [scrapy.statscollectors] INFO: Dumping Scrapy stats:
{'finish_reason': 'finished',
 'finish_time': datetime.datetime(2019, 5, 2, 21, 17, 17, 186729),
 'log_count/DEBUG': 2,
 'log_count/ERROR': 2,
 'log_count/INFO': 9,
 'memusage/max': 53104640,
 'memusage/startup': 53104640,
 'start_time': datetime.datetime(2019, 5, 2, 21, 17, 17, 80672)}
2019-05-02 21:17:17 [scrapy.core.engine] INFO: Spider closed (finished)
